This is pdfTeX, Version 3.14159265-2.6-1.40.15 (TeX Live 2014) (preloaded format=pdflatex 2014.7.10)  29 NOV 2015 20:19
entering extended mode
 restricted \write18 enabled.
 %&-line parsing enabled.
**main.tex
(./main.tex
LaTeX2e <2014/05/01>
Babel <3.9k> and hyphenation patterns for 78 languages loaded.
(./Thesis.cls
Document Class: Thesis 2007/22/02 v1.0 LaTeX document class
(/usr/local/texlive/2014/texmf-dist/tex/latex/base/book.cls
Document Class: book 2007/10/19 v1.4h Standard LaTeX document class
(/usr/local/texlive/2014/texmf-dist/tex/latex/base/bk11.clo
File: bk11.clo 2007/10/19 v1.4h Standard LaTeX file (size option)
)
\c@part=\count79
\c@chapter=\count80
\c@section=\count81
\c@subsection=\count82
\c@subsubsection=\count83
\c@paragraph=\count84
\c@subparagraph=\count85
\c@figure=\count86
\c@table=\count87
\abovecaptionskip=\skip41
\belowcaptionskip=\skip42
\bibindent=\dimen102
)
(/usr/local/texlive/2014/texmf-dist/tex/latex/setspace/setspace.sty
Package: setspace 2011/12/19 v6.7a set line spacing
)
(/usr/local/texlive/2014/texmf-dist/tex/latex/vmargin/vmargin.sty
Package: vmargin 2004/07/15 V2.5 set document margins (VK)

Package: vmargin 2004/07/15 V2.5 set document margins (VK)
\PaperWidth=\dimen103
\PaperHeight=\dimen104
) (/usr/local/texlive/2014/texmf-dist/tex/latex/base/inputenc.sty
Package: inputenc 2014/04/30 v1.2b Input encoding file
\inpenc@prehook=\toks14
\inpenc@posthook=\toks15

(/usr/local/texlive/2014/texmf-dist/tex/latex/base/utf8.def
File: utf8.def 2008/04/05 v1.1m UTF-8 support for inputenc
Now handling font encoding OML ...
... no UTF-8 mapping file for font encoding OML
Now handling font encoding T1 ...
... processing UTF-8 mapping file for font encoding T1

(/usr/local/texlive/2014/texmf-dist/tex/latex/base/t1enc.dfu
File: t1enc.dfu 2008/04/05 v1.1m UTF-8 support for inputenc
   defining Unicode char U+00A1 (decimal 161)
   defining Unicode char U+00A3 (decimal 163)
   defining Unicode char U+00AB (decimal 171)
   defining Unicode char U+00BB (decimal 187)
   defining Unicode char U+00BF (decimal 191)
   defining Unicode char U+00C0 (decimal 192)
   defining Unicode char U+00C1 (decimal 193)
   defining Unicode char U+00C2 (decimal 194)
   defining Unicode char U+00C3 (decimal 195)
   defining Unicode char U+00C4 (decimal 196)
   defining Unicode char U+00C5 (decimal 197)
   defining Unicode char U+00C6 (decimal 198)
   defining Unicode char U+00C7 (decimal 199)
   defining Unicode char U+00C8 (decimal 200)
   defining Unicode char U+00C9 (decimal 201)
   defining Unicode char U+00CA (decimal 202)
   defining Unicode char U+00CB (decimal 203)
   defining Unicode char U+00CC (decimal 204)
   defining Unicode char U+00CD (decimal 205)
   defining Unicode char U+00CE (decimal 206)
   defining Unicode char U+00CF (decimal 207)
   defining Unicode char U+00D0 (decimal 208)
   defining Unicode char U+00D1 (decimal 209)
   defining Unicode char U+00D2 (decimal 210)
   defining Unicode char U+00D3 (decimal 211)
   defining Unicode char U+00D4 (decimal 212)
   defining Unicode char U+00D5 (decimal 213)
   defining Unicode char U+00D6 (decimal 214)
   defining Unicode char U+00D8 (decimal 216)
   defining Unicode char U+00D9 (decimal 217)
   defining Unicode char U+00DA (decimal 218)
   defining Unicode char U+00DB (decimal 219)
   defining Unicode char U+00DC (decimal 220)
   defining Unicode char U+00DD (decimal 221)
   defining Unicode char U+00DE (decimal 222)
   defining Unicode char U+00DF (decimal 223)
   defining Unicode char U+00E0 (decimal 224)
   defining Unicode char U+00E1 (decimal 225)
   defining Unicode char U+00E2 (decimal 226)
   defining Unicode char U+00E3 (decimal 227)
   defining Unicode char U+00E4 (decimal 228)
   defining Unicode char U+00E5 (decimal 229)
   defining Unicode char U+00E6 (decimal 230)
   defining Unicode char U+00E7 (decimal 231)
   defining Unicode char U+00E8 (decimal 232)
   defining Unicode char U+00E9 (decimal 233)
   defining Unicode char U+00EA (decimal 234)
   defining Unicode char U+00EB (decimal 235)
   defining Unicode char U+00EC (decimal 236)
   defining Unicode char U+00ED (decimal 237)
   defining Unicode char U+00EE (decimal 238)
   defining Unicode char U+00EF (decimal 239)
   defining Unicode char U+00F0 (decimal 240)
   defining Unicode char U+00F1 (decimal 241)
   defining Unicode char U+00F2 (decimal 242)
   defining Unicode char U+00F3 (decimal 243)
   defining Unicode char U+00F4 (decimal 244)
   defining Unicode char U+00F5 (decimal 245)
   defining Unicode char U+00F6 (decimal 246)
   defining Unicode char U+00F8 (decimal 248)
   defining Unicode char U+00F9 (decimal 249)
   defining Unicode char U+00FA (decimal 250)
   defining Unicode char U+00FB (decimal 251)
   defining Unicode char U+00FC (decimal 252)
   defining Unicode char U+00FD (decimal 253)
   defining Unicode char U+00FE (decimal 254)
   defining Unicode char U+00FF (decimal 255)
   defining Unicode char U+0102 (decimal 258)
   defining Unicode char U+0103 (decimal 259)
   defining Unicode char U+0104 (decimal 260)
   defining Unicode char U+0105 (decimal 261)
   defining Unicode char U+0106 (decimal 262)
   defining Unicode char U+0107 (decimal 263)
   defining Unicode char U+010C (decimal 268)
   defining Unicode char U+010D (decimal 269)
   defining Unicode char U+010E (decimal 270)
   defining Unicode char U+010F (decimal 271)
   defining Unicode char U+0110 (decimal 272)
   defining Unicode char U+0111 (decimal 273)
   defining Unicode char U+0118 (decimal 280)
   defining Unicode char U+0119 (decimal 281)
   defining Unicode char U+011A (decimal 282)
   defining Unicode char U+011B (decimal 283)
   defining Unicode char U+011E (decimal 286)
   defining Unicode char U+011F (decimal 287)
   defining Unicode char U+0130 (decimal 304)
   defining Unicode char U+0131 (decimal 305)
   defining Unicode char U+0132 (decimal 306)
   defining Unicode char U+0133 (decimal 307)
   defining Unicode char U+0139 (decimal 313)
   defining Unicode char U+013A (decimal 314)
   defining Unicode char U+013D (decimal 317)
   defining Unicode char U+013E (decimal 318)
   defining Unicode char U+0141 (decimal 321)
   defining Unicode char U+0142 (decimal 322)
   defining Unicode char U+0143 (decimal 323)
   defining Unicode char U+0144 (decimal 324)
   defining Unicode char U+0147 (decimal 327)
   defining Unicode char U+0148 (decimal 328)
   defining Unicode char U+014A (decimal 330)
   defining Unicode char U+014B (decimal 331)
   defining Unicode char U+0150 (decimal 336)
   defining Unicode char U+0151 (decimal 337)
   defining Unicode char U+0152 (decimal 338)
   defining Unicode char U+0153 (decimal 339)
   defining Unicode char U+0154 (decimal 340)
   defining Unicode char U+0155 (decimal 341)
   defining Unicode char U+0158 (decimal 344)
   defining Unicode char U+0159 (decimal 345)
   defining Unicode char U+015A (decimal 346)
   defining Unicode char U+015B (decimal 347)
   defining Unicode char U+015E (decimal 350)
   defining Unicode char U+015F (decimal 351)
   defining Unicode char U+0160 (decimal 352)
   defining Unicode char U+0161 (decimal 353)
   defining Unicode char U+0162 (decimal 354)
   defining Unicode char U+0163 (decimal 355)
   defining Unicode char U+0164 (decimal 356)
   defining Unicode char U+0165 (decimal 357)
   defining Unicode char U+016E (decimal 366)
   defining Unicode char U+016F (decimal 367)
   defining Unicode char U+0170 (decimal 368)
   defining Unicode char U+0171 (decimal 369)
   defining Unicode char U+0178 (decimal 376)
   defining Unicode char U+0179 (decimal 377)
   defining Unicode char U+017A (decimal 378)
   defining Unicode char U+017B (decimal 379)
   defining Unicode char U+017C (decimal 380)
   defining Unicode char U+017D (decimal 381)
   defining Unicode char U+017E (decimal 382)
   defining Unicode char U+200C (decimal 8204)
   defining Unicode char U+2013 (decimal 8211)
   defining Unicode char U+2014 (decimal 8212)
   defining Unicode char U+2018 (decimal 8216)
   defining Unicode char U+2019 (decimal 8217)
   defining Unicode char U+201A (decimal 8218)
   defining Unicode char U+201C (decimal 8220)
   defining Unicode char U+201D (decimal 8221)
   defining Unicode char U+201E (decimal 8222)
   defining Unicode char U+2030 (decimal 8240)
   defining Unicode char U+2031 (decimal 8241)
   defining Unicode char U+2039 (decimal 8249)
   defining Unicode char U+203A (decimal 8250)
   defining Unicode char U+2423 (decimal 9251)
)
Now handling font encoding OT1 ...
... processing UTF-8 mapping file for font encoding OT1

(/usr/local/texlive/2014/texmf-dist/tex/latex/base/ot1enc.dfu
File: ot1enc.dfu 2008/04/05 v1.1m UTF-8 support for inputenc
   defining Unicode char U+00A1 (decimal 161)
   defining Unicode char U+00A3 (decimal 163)
   defining Unicode char U+00B8 (decimal 184)
   defining Unicode char U+00BF (decimal 191)
   defining Unicode char U+00C5 (decimal 197)
   defining Unicode char U+00C6 (decimal 198)
   defining Unicode char U+00D8 (decimal 216)
   defining Unicode char U+00DF (decimal 223)
   defining Unicode char U+00E6 (decimal 230)
   defining Unicode char U+00EC (decimal 236)
   defining Unicode char U+00ED (decimal 237)
   defining Unicode char U+00EE (decimal 238)
   defining Unicode char U+00EF (decimal 239)
   defining Unicode char U+00F8 (decimal 248)
   defining Unicode char U+0131 (decimal 305)
   defining Unicode char U+0141 (decimal 321)
   defining Unicode char U+0142 (decimal 322)
   defining Unicode char U+0152 (decimal 338)
   defining Unicode char U+0153 (decimal 339)
   defining Unicode char U+2013 (decimal 8211)
   defining Unicode char U+2014 (decimal 8212)
   defining Unicode char U+2018 (decimal 8216)
   defining Unicode char U+2019 (decimal 8217)
   defining Unicode char U+201C (decimal 8220)
   defining Unicode char U+201D (decimal 8221)
)
Now handling font encoding OMS ...
... processing UTF-8 mapping file for font encoding OMS

(/usr/local/texlive/2014/texmf-dist/tex/latex/base/omsenc.dfu
File: omsenc.dfu 2008/04/05 v1.1m UTF-8 support for inputenc
   defining Unicode char U+00A7 (decimal 167)
   defining Unicode char U+00B6 (decimal 182)
   defining Unicode char U+00B7 (decimal 183)
   defining Unicode char U+2020 (decimal 8224)
   defining Unicode char U+2021 (decimal 8225)
   defining Unicode char U+2022 (decimal 8226)
)
Now handling font encoding OMX ...
... no UTF-8 mapping file for font encoding OMX
Now handling font encoding U ...
... no UTF-8 mapping file for font encoding U
   defining Unicode char U+00A9 (decimal 169)
   defining Unicode char U+00AA (decimal 170)
   defining Unicode char U+00AE (decimal 174)
   defining Unicode char U+00BA (decimal 186)
   defining Unicode char U+02C6 (decimal 710)
   defining Unicode char U+02DC (decimal 732)
   defining Unicode char U+200C (decimal 8204)
   defining Unicode char U+2026 (decimal 8230)
   defining Unicode char U+2122 (decimal 8482)
   defining Unicode char U+2423 (decimal 9251)
))
(/usr/local/texlive/2014/texmf-dist/tex/latex/fancyhdr/fancyhdr.sty
\fancy@headwidth=\skip43
\f@ncyO@elh=\skip44
\f@ncyO@erh=\skip45
\f@ncyO@olh=\skip46
\f@ncyO@orh=\skip47
\f@ncyO@elf=\skip48
\f@ncyO@erf=\skip49
\f@ncyO@olf=\skip50
\f@ncyO@orf=\skip51
)
(/usr/local/texlive/2014/texmf-dist/tex/latex/amsmath/amsmath.sty
Package: amsmath 2013/01/14 v2.14 AMS math features
\@mathmargin=\skip52

For additional information on amsmath, use the `?' option.
(/usr/local/texlive/2014/texmf-dist/tex/latex/amsmath/amstext.sty
Package: amstext 2000/06/29 v2.01

(/usr/local/texlive/2014/texmf-dist/tex/latex/amsmath/amsgen.sty
File: amsgen.sty 1999/11/30 v2.0
\@emptytoks=\toks16
\ex@=\dimen105
))
(/usr/local/texlive/2014/texmf-dist/tex/latex/amsmath/amsbsy.sty
Package: amsbsy 1999/11/29 v1.2d
\pmbraise@=\dimen106
)
(/usr/local/texlive/2014/texmf-dist/tex/latex/amsmath/amsopn.sty
Package: amsopn 1999/12/14 v2.01 operator names
)
\inf@bad=\count88
LaTeX Info: Redefining \frac on input line 210.
\uproot@=\count89
\leftroot@=\count90
LaTeX Info: Redefining \overline on input line 306.
\classnum@=\count91
\DOTSCASE@=\count92
LaTeX Info: Redefining \ldots on input line 378.
LaTeX Info: Redefining \dots on input line 381.
LaTeX Info: Redefining \cdots on input line 466.
\Mathstrutbox@=\box26
\strutbox@=\box27
\big@size=\dimen107
LaTeX Font Info:    Redeclaring font encoding OML on input line 566.
LaTeX Font Info:    Redeclaring font encoding OMS on input line 567.
\macc@depth=\count93
\c@MaxMatrixCols=\count94
\dotsspace@=\muskip10
\c@parentequation=\count95
\dspbrk@lvl=\count96
\tag@help=\toks17
\row@=\count97
\column@=\count98
\maxfields@=\count99
\andhelp@=\toks18
\eqnshift@=\dimen108
\alignsep@=\dimen109
\tagshift@=\dimen110
\tagwidth@=\dimen111
\totwidth@=\dimen112
\lineht@=\dimen113
\@envbody=\toks19
\multlinegap=\skip53
\multlinetaggap=\skip54
\mathdisplay@stack=\toks20
LaTeX Info: Redefining \[ on input line 2665.
LaTeX Info: Redefining \] on input line 2666.
)
(/usr/local/texlive/2014/texmf-dist/tex/latex/amsfonts/amsfonts.sty
Package: amsfonts 2013/01/14 v3.01 Basic AMSFonts support
\symAMSa=\mathgroup4
\symAMSb=\mathgroup5
LaTeX Font Info:    Overwriting math alphabet `\mathfrak' in version `bold'
(Font)                  U/euf/m/n --> U/euf/b/n on input line 106.
)
(/usr/local/texlive/2014/texmf-dist/tex/latex/amsfonts/amssymb.sty
Package: amssymb 2013/01/14 v3.01 AMS font symbols
)
(/usr/local/texlive/2014/texmf-dist/tex/latex/amsmath/amscd.sty
Package: amscd 1999/11/29 v2.0
\athelp@=\toks21
\minaw@=\dimen114
\bigaw@=\dimen115
\minCDarrowwidth=\dimen116
)
(/usr/local/texlive/2014/texmf-dist/tex/latex/amscls/amsthm.sty
Package: amsthm 2004/08/06 v2.20
\thm@style=\toks22
\thm@bodyfont=\toks23
\thm@headfont=\toks24
\thm@notefont=\toks25
\thm@headpunct=\toks26
\thm@preskip=\skip55
\thm@postskip=\skip56
\thm@headsep=\skip57
\dth@everypar=\toks27
)
(/usr/local/texlive/2014/texmf-dist/tex/latex/tools/xspace.sty
Package: xspace 2009/10/20 v1.13 Space after command names (DPC,MH)
)
\c@example=\count100
\c@theorem=\count101

(/usr/local/texlive/2014/texmf-dist/tex/latex/caption/caption.sty
Package: caption 2013/05/02 v3.3-89 Customizing captions (AR)

(/usr/local/texlive/2014/texmf-dist/tex/latex/caption/caption3.sty
Package: caption3 2013/05/02 v1.6-88 caption3 kernel (AR)
Package caption3 Info: TeX engine: e-TeX on input line 57.

(/usr/local/texlive/2014/texmf-dist/tex/latex/graphics/keyval.sty
Package: keyval 2014/05/08 v1.15 key=value parser (DPC)
\KV@toks@=\toks28
)
\captionmargin=\dimen117
\captionmargin@=\dimen118
\captionwidth=\dimen119
\caption@tempdima=\dimen120
\caption@indent=\dimen121
\caption@parindent=\dimen122
\caption@hangindent=\dimen123
)
\c@ContinuedFloat=\count102
)
(/usr/local/texlive/2014/texmf-dist/tex/latex/graphics/graphicx.sty
Package: graphicx 2014/04/25 v1.0g Enhanced LaTeX Graphics (DPC,SPQR)

(/usr/local/texlive/2014/texmf-dist/tex/latex/graphics/graphics.sty
Package: graphics 2009/02/05 v1.0o Standard LaTeX Graphics (DPC,SPQR)

(/usr/local/texlive/2014/texmf-dist/tex/latex/graphics/trig.sty
Package: trig 1999/03/16 v1.09 sin cos tan (DPC)
)
(/usr/local/texlive/2014/texmf-dist/tex/latex/latexconfig/graphics.cfg
File: graphics.cfg 2010/04/23 v1.9 graphics configuration of TeX Live
)
Package graphics Info: Driver file: pdftex.def on input line 91.

(/usr/local/texlive/2014/texmf-dist/tex/latex/pdftex-def/pdftex.def
File: pdftex.def 2011/05/27 v0.06d Graphics/color for pdfTeX

(/usr/local/texlive/2014/texmf-dist/tex/generic/oberdiek/infwarerr.sty
Package: infwarerr 2010/04/08 v1.3 Providing info/warning/error messages (HO)
)
(/usr/local/texlive/2014/texmf-dist/tex/generic/oberdiek/ltxcmds.sty
Package: ltxcmds 2011/11/09 v1.22 LaTeX kernel commands for general use (HO)
)
\Gread@gobject=\count103
))
\Gin@req@height=\dimen124
\Gin@req@width=\dimen125
)
(/usr/local/texlive/2014/texmf-dist/tex/latex/oberdiek/epstopdf.sty
Package: epstopdf 2010/02/09 v2.5 Conversion with epstopdf on the fly (HO)

(/usr/local/texlive/2014/texmf-dist/tex/latex/oberdiek/epstopdf-base.sty
Package: epstopdf-base 2010/02/09 v2.5 Base part for package epstopdf

(/usr/local/texlive/2014/texmf-dist/tex/latex/oberdiek/grfext.sty
Package: grfext 2010/08/19 v1.1 Manage graphics extensions (HO)

(/usr/local/texlive/2014/texmf-dist/tex/generic/oberdiek/kvdefinekeys.sty
Package: kvdefinekeys 2011/04/07 v1.3 Define keys (HO)
))
(/usr/local/texlive/2014/texmf-dist/tex/latex/oberdiek/kvoptions.sty
Package: kvoptions 2011/06/30 v3.11 Key value format for package options (HO)

(/usr/local/texlive/2014/texmf-dist/tex/generic/oberdiek/kvsetkeys.sty
Package: kvsetkeys 2012/04/25 v1.16 Key value parser (HO)

(/usr/local/texlive/2014/texmf-dist/tex/generic/oberdiek/etexcmds.sty
Package: etexcmds 2011/02/16 v1.5 Avoid name clashes with e-TeX commands (HO)

(/usr/local/texlive/2014/texmf-dist/tex/generic/oberdiek/ifluatex.sty
Package: ifluatex 2010/03/01 v1.3 Provides the ifluatex switch (HO)
Package ifluatex Info: LuaTeX not detected.
)
Package etexcmds Info: Could not find \expanded.
(etexcmds)             That can mean that you are not using pdfTeX 1.50 or
(etexcmds)             that some package has redefined \expanded.
(etexcmds)             In the latter case, load this package earlier.
)))
(/usr/local/texlive/2014/texmf-dist/tex/generic/oberdiek/pdftexcmds.sty
Package: pdftexcmds 2011/11/29 v0.20 Utility functions of pdfTeX for LuaTeX (HO
)

(/usr/local/texlive/2014/texmf-dist/tex/generic/oberdiek/ifpdf.sty
Package: ifpdf 2011/01/30 v2.3 Provides the ifpdf switch (HO)
Package ifpdf Info: pdfTeX in PDF mode is detected.
)
Package pdftexcmds Info: LuaTeX not detected.
Package pdftexcmds Info: \pdf@primitive is available.
Package pdftexcmds Info: \pdf@ifprimitive is available.
Package pdftexcmds Info: \pdfdraftmode found.
)
Package grfext Info: Graphics extension search list:
(grfext)             [.png,.pdf,.jpg,.mps,.jpeg,.jbig2,.jb2,.PNG,.PDF,.JPG,.JPE
G,.JBIG2,.JB2,.eps]
(grfext)             \AppendGraphicsExtensions on input line 452.

(/usr/local/texlive/2014/texmf-dist/tex/latex/latexconfig/epstopdf-sys.cfg
File: epstopdf-sys.cfg 2010/07/13 v1.3 Configuration of (r)epstopdf for TeX Liv
e
)))
(/usr/local/texlive/2014/texmf-dist/tex/latex/subfigure/subfigure.sty
Package: subfigure 2002/03/15 v2.1.5 subfigure package
\subfigtopskip=\skip58
\subfigcapskip=\skip59
\subfigcaptopadj=\dimen126
\subfigbottomskip=\skip60
\subfigcapmargin=\dimen127
\subfiglabelskip=\skip61
\c@subfigure=\count104
\c@lofdepth=\count105
\c@subtable=\count106
\c@lotdepth=\count107

****************************************
* Local config file subfigure.cfg used *
****************************************
(/usr/local/texlive/2014/texmf-dist/tex/latex/subfigure/subfigure.cfg)
\subfig@top=\skip62
\subfig@bottom=\skip63
)
(/usr/local/texlive/2014/texmf-dist/tex/latex/booktabs/booktabs.sty
Package: booktabs 2005/04/14 v1.61803 publication quality tables
\heavyrulewidth=\dimen128
\lightrulewidth=\dimen129
\cmidrulewidth=\dimen130
\belowrulesep=\dimen131
\belowbottomsep=\dimen132
\aboverulesep=\dimen133
\abovetopsep=\dimen134
\cmidrulesep=\dimen135
\cmidrulekern=\dimen136
\defaultaddspace=\dimen137
\@cmidla=\count108
\@cmidlb=\count109
\@aboverulesep=\dimen138
\@belowrulesep=\dimen139
\@thisruleclass=\count110
\@lastruleclass=\count111
\@thisrulewidth=\dimen140
)
(/usr/local/texlive/2014/texmf-dist/tex/latex/rotating/rotating.sty
Package: rotating 2009/03/28 v2.16a rotated objects in LaTeX

(/usr/local/texlive/2014/texmf-dist/tex/latex/base/ifthen.sty
Package: ifthen 2001/05/26 v1.1c Standard LaTeX ifthen package (DPC)
)
\c@r@tfl@t=\count112
\rotFPtop=\skip64
\rotFPbot=\skip65
\rot@float@box=\box28
\rot@mess@toks=\toks29
)
(/usr/local/texlive/2014/texmf-dist/tex/latex/listings/listings.sty
\lst@mode=\count113
\lst@gtempboxa=\box29
\lst@token=\toks30
\lst@length=\count114
\lst@currlwidth=\dimen141
\lst@column=\count115
\lst@pos=\count116
\lst@lostspace=\dimen142
\lst@width=\dimen143
\lst@newlines=\count117
\lst@lineno=\count118
\lst@maxwidth=\dimen144

(./lstpatch.sty

***
*** This is a patch for listings 1.3, but you're using
*** version 1.5c.
***
*** Patch file not loaded.
***

) (/usr/local/texlive/2014/texmf-dist/tex/latex/listings/lstmisc.sty
File: lstmisc.sty 2014/03/04 1.5c (Carsten Heinz)
\c@lstnumber=\count119
\lst@skipnumbers=\count120
\lst@framebox=\box30
)
(/usr/local/texlive/2014/texmf-dist/tex/latex/listings/listings.cfg
File: listings.cfg 2014/03/04 1.5c listings configuration
))
Package: listings 2014/03/04 1.5c (Carsten Heinz)

(./lstpatch.sty

***
*** This is a patch for listings 1.3, but you're using
*** version 1.5c.
***
 *** Patch file not loaded.
***

) (/usr/local/texlive/2014/texmf-dist/tex/latex/hyperref/hyperref.sty
Package: hyperref 2012/11/06 v6.83m Hypertext links for LaTeX

(/usr/local/texlive/2014/texmf-dist/tex/generic/oberdiek/hobsub-hyperref.sty
Package: hobsub-hyperref 2012/05/28 v1.13 Bundle oberdiek, subset hyperref (HO)


(/usr/local/texlive/2014/texmf-dist/tex/generic/oberdiek/hobsub-generic.sty
Package: hobsub-generic 2012/05/28 v1.13 Bundle oberdiek, subset generic (HO)
Package: hobsub 2012/05/28 v1.13 Construct package bundles (HO)
Package hobsub Info: Skipping package `infwarerr' (already loaded).
Package hobsub Info: Skipping package `ltxcmds' (already loaded).
Package hobsub Info: Skipping package `ifluatex' (already loaded).
Package: ifvtex 2010/03/01 v1.5 Detect VTeX and its facilities (HO)
Package ifvtex Info: VTeX not detected.
Package: intcalc 2007/09/27 v1.1 Expandable calculations with integers (HO)
Package hobsub Info: Skipping package `ifpdf' (already loaded).
Package hobsub Info: Skipping package `etexcmds' (already loaded).
Package hobsub Info: Skipping package `kvsetkeys' (already loaded).
Package hobsub Info: Skipping package `kvdefinekeys' (already loaded).
Package hobsub Info: Skipping package `pdftexcmds' (already loaded).
Package: pdfescape 2011/11/25 v1.13 Implements pdfTeX's escape features (HO)
Package: bigintcalc 2012/04/08 v1.3 Expandable calculations on big integers (HO
)
Package: bitset 2011/01/30 v1.1 Handle bit-vector datatype (HO)
Package: uniquecounter 2011/01/30 v1.2 Provide unlimited unique counter (HO)
)
Package hobsub Info: Skipping package `hobsub' (already loaded).
Package: letltxmacro 2010/09/02 v1.4 Let assignment for LaTeX macros (HO)
Package: hopatch 2012/05/28 v1.2 Wrapper for package hooks (HO)
Package: xcolor-patch 2011/01/30 xcolor patch
Package: atveryend 2011/06/30 v1.8 Hooks at the very end of document (HO)
Package atveryend Info: \enddocument detected (standard20110627).
Package: atbegshi 2011/10/05 v1.16 At begin shipout hook (HO)
Package: refcount 2011/10/16 v3.4 Data extraction from label references (HO)
Package: hycolor 2011/01/30 v1.7 Color options for hyperref/bookmark (HO)
)
(/usr/local/texlive/2014/texmf-dist/tex/generic/ifxetex/ifxetex.sty
Package: ifxetex 2010/09/12 v0.6 Provides ifxetex conditional
)
(/usr/local/texlive/2014/texmf-dist/tex/latex/oberdiek/auxhook.sty
Package: auxhook 2011/03/04 v1.3 Hooks for auxiliary files (HO)
)
\@linkdim=\dimen145
\Hy@linkcounter=\count121
\Hy@pagecounter=\count122

(/usr/local/texlive/2014/texmf-dist/tex/latex/hyperref/pd1enc.def
File: pd1enc.def 2012/11/06 v6.83m Hyperref: PDFDocEncoding definition (HO)
Now handling font encoding PD1 ...
... no UTF-8 mapping file for font encoding PD1
)
\Hy@SavedSpaceFactor=\count123

(/usr/local/texlive/2014/texmf-dist/tex/latex/latexconfig/hyperref.cfg
File: hyperref.cfg 2002/06/06 v1.2 hyperref configuration of TeXLive
)
Package hyperref Info: Option `bookmarks' set `true' on input line 4319.
Package hyperref Info: Option `bookmarksopen' set `true' on input line 4319.
Package hyperref Info: Option `bookmarksnumbered' set `true' on input line 4319
.
Package hyperref Info: Option `hypertexnames' set `false' on input line 4319.
Package hyperref Info: Option `colorlinks' set `true' on input line 4319.
Package hyperref Info: Option `unicode' set `true' on input line 4319.

(/usr/local/texlive/2014/texmf-dist/tex/latex/hyperref/puenc.def
File: puenc.def 2012/11/06 v6.83m Hyperref: PDF Unicode definition (HO)
Now handling font encoding PU ...
... no UTF-8 mapping file for font encoding PU
)
Package hyperref Info: Option `breaklinks' set `true' on input line 4319.
Package hyperref Info: Hyper figures OFF on input line 4443.
Package hyperref Info: Link nesting OFF on input line 4448.
Package hyperref Info: Hyper index ON on input line 4451.
Package hyperref Info: Plain pages OFF on input line 4458.
Package hyperref Info: Backreferencing OFF on input line 4463.
Package hyperref Info: Implicit mode ON; LaTeX internals redefined.
Package hyperref Info: Bookmarks ON on input line 4688.
\c@Hy@tempcnt=\count124

(/usr/local/texlive/2014/texmf-dist/tex/latex/url/url.sty
\Urlmuskip=\muskip11
Package: url 2013/09/16  ver 3.4  Verb mode for urls, etc.
)
LaTeX Info: Redefining \url on input line 5041.
\XeTeXLinkMargin=\dimen146
\Fld@menulength=\count125
\Field@Width=\dimen147
\Fld@charsize=\dimen148
Package hyperref Info: Hyper figures OFF on input line 6295.
Package hyperref Info: Link nesting OFF on input line 6300.
Package hyperref Info: Hyper index ON on input line 6303.
Package hyperref Info: backreferencing OFF on input line 6310.
Package hyperref Info: Link coloring ON on input line 6313.
Package hyperref Info: Link coloring with OCG OFF on input line 6320.
Package hyperref Info: PDF/A mode OFF on input line 6325.
LaTeX Info: Redefining \ref on input line 6365.
LaTeX Info: Redefining \pageref on input line 6369.
\Hy@abspage=\count126
\c@Item=\count127
\c@Hfootnote=\count128
)

Package hyperref Message: Driver (autodetected): hpdftex.

(/usr/local/texlive/2014/texmf-dist/tex/latex/hyperref/hpdftex.def
File: hpdftex.def 2012/11/06 v6.83m Hyperref driver for pdfTeX
\Fld@listcount=\count129
\c@bookmark@seq@number=\count130

(/usr/local/texlive/2014/texmf-dist/tex/latex/oberdiek/rerunfilecheck.sty
Package: rerunfilecheck 2011/04/15 v1.7 Rerun checks for auxiliary files (HO)
Package uniquecounter Info: New unique counter `rerunfilecheck' on input line 2
82.
)
\Hy@SectionHShift=\skip66
)
\c@dummy=\count131

(/usr/local/texlive/2014/texmf-dist/tex/latex/tools/longtable.sty
Package: longtable 2004/02/01 v4.11 Multi-page Table package (DPC)
\LTleft=\skip67
\LTright=\skip68
\LTpre=\skip69
\LTpost=\skip70
\LTchunksize=\count132
\LTcapwidth=\dimen149
\LT@head=\box31
\LT@firsthead=\box32
\LT@foot=\box33
\LT@lastfoot=\box34
\LT@cols=\count133
\LT@rows=\count134
\c@LT@tables=\count135
\c@LT@chunks=\count136
\LT@p@ftn=\toks31
))
(/usr/local/texlive/2014/texmf-dist/tex/latex/multirow/multirow.sty
\bigstrutjot=\dimen150
)
(/usr/local/texlive/2014/texmf-dist/tex/latex/wrapfig/wrapfig.sty
\wrapoverhang=\dimen151
\WF@size=\dimen152
\c@WF@wrappedlines=\count137
\WF@box=\box35
\WF@everypar=\toks32
Package: wrapfig 2003/01/31  v 3.6
)
(/usr/local/texlive/2014/texmf-dist/tex/latex/tools/array.sty
Package: array 2008/09/09 v2.4c Tabular extension package (FMi)
\col@sep=\dimen153
\extrarowheight=\dimen154
\NC@list=\toks33
\extratabsurround=\skip71
\backup@length=\skip72
)
(/usr/local/texlive/2014/texmf-dist/tex/latex/pgf/frontendlayer/tikz.sty
(/usr/local/texlive/2014/texmf-dist/tex/latex/pgf/basiclayer/pgf.sty
(/usr/local/texlive/2014/texmf-dist/tex/latex/pgf/utilities/pgfrcs.sty
(/usr/local/texlive/2014/texmf-dist/tex/generic/pgf/utilities/pgfutil-common.te
x
\pgfutil@everybye=\toks34
\pgfutil@tempdima=\dimen155
\pgfutil@tempdimb=\dimen156

(/usr/local/texlive/2014/texmf-dist/tex/generic/pgf/utilities/pgfutil-common-li
sts.tex))
(/usr/local/texlive/2014/texmf-dist/tex/generic/pgf/utilities/pgfutil-latex.def
\pgfutil@abb=\box36
(/usr/local/texlive/2014/texmf-dist/tex/latex/ms/everyshi.sty
Package: everyshi 2001/05/15 v3.00 EveryShipout Package (MS)
))
(/usr/local/texlive/2014/texmf-dist/tex/generic/pgf/utilities/pgfrcs.code.tex
Package: pgfrcs 2013/12/20 v3.0.0 (rcs-revision 1.28)
))
Package: pgf 2013/12/18 v3.0.0 (rcs-revision 1.14)
(/usr/local/texlive/2014/texmf-dist/tex/latex/pgf/basiclayer/pgfcore.sty
(/usr/local/texlive/2014/texmf-dist/tex/latex/pgf/systemlayer/pgfsys.sty
(/usr/local/texlive/2014/texmf-dist/tex/generic/pgf/systemlayer/pgfsys.code.tex
Package: pgfsys 2013/11/30 v3.0.0 (rcs-revision 1.47)
(/usr/local/texlive/2014/texmf-dist/tex/generic/pgf/utilities/pgfkeys.code.tex
\pgfkeys@pathtoks=\toks35
\pgfkeys@temptoks=\toks36

(/usr/local/texlive/2014/texmf-dist/tex/generic/pgf/utilities/pgfkeysfiltered.c
ode.tex
\pgfkeys@tmptoks=\toks37
))
\pgf@x=\dimen157
\pgf@y=\dimen158
\pgf@xa=\dimen159
\pgf@ya=\dimen160
\pgf@xb=\dimen161
\pgf@yb=\dimen162
\pgf@xc=\dimen163
\pgf@yc=\dimen164
\w@pgf@writea=\write3
\r@pgf@reada=\read1
\c@pgf@counta=\count138
\c@pgf@countb=\count139
\c@pgf@countc=\count140
\c@pgf@countd=\count141
\t@pgf@toka=\toks38
\t@pgf@tokb=\toks39
\t@pgf@tokc=\toks40

(/usr/local/texlive/2014/texmf-dist/tex/generic/pgf/systemlayer/pgf.cfg
File: pgf.cfg 2008/05/14  (rcs-revision 1.7)
)
Driver file for pgf: pgfsys-pdftex.def

(/usr/local/texlive/2014/texmf-dist/tex/generic/pgf/systemlayer/pgfsys-pdftex.d
ef
File: pgfsys-pdftex.def 2013/07/18  (rcs-revision 1.33)

(/usr/local/texlive/2014/texmf-dist/tex/generic/pgf/systemlayer/pgfsys-common-p
df.def
File: pgfsys-common-pdf.def 2013/10/10  (rcs-revision 1.13)
)))
(/usr/local/texlive/2014/texmf-dist/tex/generic/pgf/systemlayer/pgfsyssoftpath.
code.tex
File: pgfsyssoftpath.code.tex 2013/09/09  (rcs-revision 1.9)
\pgfsyssoftpath@smallbuffer@items=\count142
\pgfsyssoftpath@bigbuffer@items=\count143
)
(/usr/local/texlive/2014/texmf-dist/tex/generic/pgf/systemlayer/pgfsysprotocol.
code.tex
File: pgfsysprotocol.code.tex 2006/10/16  (rcs-revision 1.4)
)) (/usr/local/texlive/2014/texmf-dist/tex/latex/xcolor/xcolor.sty
Package: xcolor 2007/01/21 v2.11 LaTeX color extensions (UK)

(/usr/local/texlive/2014/texmf-dist/tex/latex/latexconfig/color.cfg
File: color.cfg 2007/01/18 v1.5 color configuration of teTeX/TeXLive
)
Package xcolor Info: Driver file: pdftex.def on input line 225.
Package xcolor Info: Model `cmy' substituted by `cmy0' on input line 1337.
Package xcolor Info: Model `hsb' substituted by `rgb' on input line 1341.
Package xcolor Info: Model `RGB' extended on input line 1353.
Package xcolor Info: Model `HTML' substituted by `rgb' on input line 1355.
Package xcolor Info: Model `Hsb' substituted by `hsb' on input line 1356.
Package xcolor Info: Model `tHsb' substituted by `hsb' on input line 1357.
Package xcolor Info: Model `HSB' substituted by `hsb' on input line 1358.
Package xcolor Info: Model `Gray' substituted by `gray' on input line 1359.
Package xcolor Info: Model `wave' substituted by `hsb' on input line 1360.
)
(/usr/local/texlive/2014/texmf-dist/tex/generic/pgf/basiclayer/pgfcore.code.tex
Package: pgfcore 2010/04/11 v3.0.0 (rcs-revision 1.7)
(/usr/local/texlive/2014/texmf-dist/tex/generic/pgf/math/pgfmath.code.tex
(/usr/local/texlive/2014/texmf-dist/tex/generic/pgf/math/pgfmathcalc.code.tex
(/usr/local/texlive/2014/texmf-dist/tex/generic/pgf/math/pgfmathutil.code.tex)
(/usr/local/texlive/2014/texmf-dist/tex/generic/pgf/math/pgfmathparser.code.tex
\pgfmath@dimen=\dimen165
\pgfmath@count=\count144
\pgfmath@box=\box37
\pgfmath@toks=\toks41
\pgfmath@stack@operand=\toks42
\pgfmath@stack@operation=\toks43
)
(/usr/local/texlive/2014/texmf-dist/tex/generic/pgf/math/pgfmathfunctions.code.
tex
(/usr/local/texlive/2014/texmf-dist/tex/generic/pgf/math/pgfmathfunctions.basic
.code.tex)
(/usr/local/texlive/2014/texmf-dist/tex/generic/pgf/math/pgfmathfunctions.trigo
nometric.code.tex)
(/usr/local/texlive/2014/texmf-dist/tex/generic/pgf/math/pgfmathfunctions.rando
m.code.tex)
(/usr/local/texlive/2014/texmf-dist/tex/generic/pgf/math/pgfmathfunctions.compa
rison.code.tex)
(/usr/local/texlive/2014/texmf-dist/tex/generic/pgf/math/pgfmathfunctions.base.
code.tex)
(/usr/local/texlive/2014/texmf-dist/tex/generic/pgf/math/pgfmathfunctions.round
.code.tex)
(/usr/local/texlive/2014/texmf-dist/tex/generic/pgf/math/pgfmathfunctions.misc.
code.tex)
(/usr/local/texlive/2014/texmf-dist/tex/generic/pgf/math/pgfmathfunctions.integ
erarithmetics.code.tex)))
(/usr/local/texlive/2014/texmf-dist/tex/generic/pgf/math/pgfmathfloat.code.tex
\c@pgfmathroundto@lastzeros=\count145
))
(/usr/local/texlive/2014/texmf-dist/tex/generic/pgf/basiclayer/pgfcorepoints.co
de.tex
File: pgfcorepoints.code.tex 2013/10/07  (rcs-revision 1.27)
\pgf@picminx=\dimen166
\pgf@picmaxx=\dimen167
\pgf@picminy=\dimen168
\pgf@picmaxy=\dimen169
\pgf@pathminx=\dimen170
\pgf@pathmaxx=\dimen171
\pgf@pathminy=\dimen172
\pgf@pathmaxy=\dimen173
\pgf@xx=\dimen174
\pgf@xy=\dimen175
\pgf@yx=\dimen176
\pgf@yy=\dimen177
\pgf@zx=\dimen178
\pgf@zy=\dimen179
)
(/usr/local/texlive/2014/texmf-dist/tex/generic/pgf/basiclayer/pgfcorepathconst
ruct.code.tex
File: pgfcorepathconstruct.code.tex 2013/10/07  (rcs-revision 1.29)
\pgf@path@lastx=\dimen180
\pgf@path@lasty=\dimen181
)
(/usr/local/texlive/2014/texmf-dist/tex/generic/pgf/basiclayer/pgfcorepathusage
.code.tex
File: pgfcorepathusage.code.tex 2013/12/13  (rcs-revision 1.23)
\pgf@shorten@end@additional=\dimen182
\pgf@shorten@start@additional=\dimen183
)
(/usr/local/texlive/2014/texmf-dist/tex/generic/pgf/basiclayer/pgfcorescopes.co
de.tex
File: pgfcorescopes.code.tex 2013/10/09  (rcs-revision 1.44)
\pgfpic=\box38
\pgf@hbox=\box39
\pgf@layerbox@main=\box40
\pgf@picture@serial@count=\count146
)
(/usr/local/texlive/2014/texmf-dist/tex/generic/pgf/basiclayer/pgfcoregraphicst
ate.code.tex
File: pgfcoregraphicstate.code.tex 2013/09/19  (rcs-revision 1.11)
\pgflinewidth=\dimen184
)
(/usr/local/texlive/2014/texmf-dist/tex/generic/pgf/basiclayer/pgfcoretransform
ations.code.tex
File: pgfcoretransformations.code.tex 2013/10/10  (rcs-revision 1.17)
\pgf@pt@x=\dimen185
\pgf@pt@y=\dimen186
\pgf@pt@temp=\dimen187
)
(/usr/local/texlive/2014/texmf-dist/tex/generic/pgf/basiclayer/pgfcorequick.cod
e.tex
File: pgfcorequick.code.tex 2008/10/09  (rcs-revision 1.3)
)
(/usr/local/texlive/2014/texmf-dist/tex/generic/pgf/basiclayer/pgfcoreobjects.c
ode.tex
File: pgfcoreobjects.code.tex 2006/10/11  (rcs-revision 1.2)
)
(/usr/local/texlive/2014/texmf-dist/tex/generic/pgf/basiclayer/pgfcorepathproce
ssing.code.tex
File: pgfcorepathprocessing.code.tex 2013/09/09  (rcs-revision 1.9)
)
(/usr/local/texlive/2014/texmf-dist/tex/generic/pgf/basiclayer/pgfcorearrows.co
de.tex
File: pgfcorearrows.code.tex 2013/11/07  (rcs-revision 1.40)
\pgfarrowsep=\dimen188
)
(/usr/local/texlive/2014/texmf-dist/tex/generic/pgf/basiclayer/pgfcoreshade.cod
e.tex
File: pgfcoreshade.code.tex 2013/07/15  (rcs-revision 1.15)
\pgf@max=\dimen189
\pgf@sys@shading@range@num=\count147
)
(/usr/local/texlive/2014/texmf-dist/tex/generic/pgf/basiclayer/pgfcoreimage.cod
e.tex
File: pgfcoreimage.code.tex 2013/07/15  (rcs-revision 1.18)

(/usr/local/texlive/2014/texmf-dist/tex/generic/pgf/basiclayer/pgfcoreexternal.
code.tex
File: pgfcoreexternal.code.tex 2013/07/15  (rcs-revision 1.20)
\pgfexternal@startupbox=\box41
))
(/usr/local/texlive/2014/texmf-dist/tex/generic/pgf/basiclayer/pgfcorelayers.co
de.tex
File: pgfcorelayers.code.tex 2013/07/18  (rcs-revision 1.7)
)
(/usr/local/texlive/2014/texmf-dist/tex/generic/pgf/basiclayer/pgfcoretranspare
ncy.code.tex
File: pgfcoretransparency.code.tex 2013/09/30  (rcs-revision 1.5)
)
(/usr/local/texlive/2014/texmf-dist/tex/generic/pgf/basiclayer/pgfcorepatterns.
code.tex
File: pgfcorepatterns.code.tex 2013/11/07  (rcs-revision 1.5)
)))
(/usr/local/texlive/2014/texmf-dist/tex/generic/pgf/modules/pgfmoduleshapes.cod
e.tex
File: pgfmoduleshapes.code.tex 2013/10/31  (rcs-revision 1.34)
\pgfnodeparttextbox=\box42
)
(/usr/local/texlive/2014/texmf-dist/tex/generic/pgf/modules/pgfmoduleplot.code.
tex
File: pgfmoduleplot.code.tex 2013/07/31  (rcs-revision 1.12)
)
(/usr/local/texlive/2014/texmf-dist/tex/latex/pgf/compatibility/pgfcomp-version
-0-65.sty
Package: pgfcomp-version-0-65 2007/07/03 v3.0.0 (rcs-revision 1.7)
\pgf@nodesepstart=\dimen190
\pgf@nodesepend=\dimen191
)
(/usr/local/texlive/2014/texmf-dist/tex/latex/pgf/compatibility/pgfcomp-version
-1-18.sty
Package: pgfcomp-version-1-18 2007/07/23 v3.0.0 (rcs-revision 1.1)
))
(/usr/local/texlive/2014/texmf-dist/tex/latex/pgf/utilities/pgffor.sty
(/usr/local/texlive/2014/texmf-dist/tex/latex/pgf/utilities/pgfkeys.sty
(/usr/local/texlive/2014/texmf-dist/tex/generic/pgf/utilities/pgfkeys.code.tex)
) (/usr/local/texlive/2014/texmf-dist/tex/latex/pgf/math/pgfmath.sty
(/usr/local/texlive/2014/texmf-dist/tex/generic/pgf/math/pgfmath.code.tex))
(/usr/local/texlive/2014/texmf-dist/tex/generic/pgf/utilities/pgffor.code.tex
Package: pgffor 2013/12/13 v3.0.0 (rcs-revision 1.25)

(/usr/local/texlive/2014/texmf-dist/tex/generic/pgf/math/pgfmath.code.tex)
\pgffor@iter=\dimen192
\pgffor@skip=\dimen193
\pgffor@stack=\toks44
\pgffor@toks=\toks45
))
(/usr/local/texlive/2014/texmf-dist/tex/generic/pgf/frontendlayer/tikz/tikz.cod
e.tex
Package: tikz 2013/12/13 v3.0.0 (rcs-revision 1.142)

(/usr/local/texlive/2014/texmf-dist/tex/generic/pgf/libraries/pgflibraryplothan
dlers.code.tex
File: pgflibraryplothandlers.code.tex 2013/08/31 v3.0.0 (rcs-revision 1.20)
\pgf@plot@mark@count=\count148
\pgfplotmarksize=\dimen194
)
\tikz@lastx=\dimen195
\tikz@lasty=\dimen196
\tikz@lastxsaved=\dimen197
\tikz@lastysaved=\dimen198
\tikzleveldistance=\dimen199
\tikzsiblingdistance=\dimen200
\tikz@figbox=\box43
\tikz@figbox@bg=\box44
\tikz@tempbox=\box45
\tikz@tempbox@bg=\box46
\tikztreelevel=\count149
\tikznumberofchildren=\count150
\tikznumberofcurrentchild=\count151
\tikz@fig@count=\count152

(/usr/local/texlive/2014/texmf-dist/tex/generic/pgf/modules/pgfmodulematrix.cod
e.tex
File: pgfmodulematrix.code.tex 2013/09/17  (rcs-revision 1.8)
\pgfmatrixcurrentrow=\count153
\pgfmatrixcurrentcolumn=\count154
\pgf@matrix@numberofcolumns=\count155
)
\tikz@expandcount=\count156

(/usr/local/texlive/2014/texmf-dist/tex/generic/pgf/frontendlayer/tikz/librarie
s/tikzlibrarytopaths.code.tex
File: tikzlibrarytopaths.code.tex 2008/06/17 v3.0.0 (rcs-revision 1.2)
)))
(/usr/local/texlive/2014/texmf-dist/tex/generic/pgf/frontendlayer/tikz/librarie
s/tikzlibraryarrows.code.tex
File: tikzlibraryarrows.code.tex 2008/01/09 v3.0.0 (rcs-revision 1.1)

(/usr/local/texlive/2014/texmf-dist/tex/generic/pgf/libraries/pgflibraryarrows.
code.tex
File: pgflibraryarrows.code.tex 2013/09/23 v3.0.0 (rcs-revision 1.16)
\arrowsize=\dimen201
))
(/usr/local/texlive/2014/texmf-dist/tex/generic/pgf/frontendlayer/tikz/librarie
s/tikzlibrarymatrix.code.tex
File: tikzlibrarymatrix.code.tex 2013/07/12 v3.0.0 (rcs-revision 1.4)
)
(/usr/local/texlive/2014/texmf-dist/tex/latex/tools/tabularx.sty
Package: tabularx 2014/05/13 v2.10 `tabularx' package (DPC)
\TX@col@width=\dimen202
\TX@old@table=\dimen203
\TX@old@col=\dimen204
\TX@target=\dimen205
\TX@delta=\dimen206
\TX@cols=\count157
\TX@ftn=\toks46
)
(/usr/local/texlive/2014/texmf-dist/tex/latex/blindtext/blindtext.sty
Package: blindtext 2012/01/06 V2.0 blindtext-Package
\c@blindtext=\count158
\c@Blindtext=\count159
\c@blind@countparstart=\count160
\blind@countxx=\count161
\blindtext@numBlindtext=\count162
\blind@countyy=\count163
\c@blindlist=\count164
\c@blindlistlevel=\count165
\c@blindlist@level=\count166
\blind@listitem=\count167
\c@blind@listcount=\count168
\c@blind@levelcount=\count169
\blind@mathformula=\count170
\blind@Mathformula=\count171
\c@blind@randomcount=\count172
\c@blind@randommax=\count173
\c@blind@pangramcount=\count174
\c@blind@pangrammax=\count175
)
(/usr/local/texlive/2014/texmf-dist/tex/latex/verbatimbox/verbatimbox.sty
Package: verbatimbox 2014/03/12 v3.13 Routines for placing verbatim text into b
oxes, useful in places where the verbatim environment is inaccessible. Secondar
ily, for adding vertical buffer around an object.

(/usr/local/texlive/2014/texmf-dist/tex/latex/tools/verbatim.sty
Package: verbatim 2003/08/22 v1.5q LaTeX2e package for verbatim enhancements
\every@verbatim=\toks47
\verbatim@line=\toks48
\verbatim@in@stream=\read2
)
(/usr/local/texlive/2014/texmf-dist/tex/latex/readarray/readarray.sty
Package: readarray 2013/05/09 v1.2 Routines for inputting array data and recall
ing it on an element-by-element basis. Currently supports 2-D and 3-D array

(/usr/local/texlive/2014/texmf-dist/tex/latex/ifnextok/ifnextok.sty
Package: ifnextok 2011/06/27 v0.3 test next token (UL)
)
\c@@index=\count176
\c@@plane=\count177
\c@@row=\count178
\c@@col=\count179
\c@use@args=\count180
\c@@record=\count181
\c@arg@index=\count182
\c@break@count=\count183
)
\savedverbbox=\box47
\c@VerbboxLineNo=\count184
\boxtopsep=\dimen207
\boxbottomsep=\dimen208
\ps@tempdima=\dimen209
\ps@tempboxa=\box48
\boxtop@sep=\skip73
\boxbottom@sep=\skip74
)
(/usr/local/texlive/2014/texmf-dist/tex/latex/fancyvrb/fancyvrb.sty
Package: fancyvrb 2008/02/07

Style option: `fancyvrb' v2.7a, with DG/SPQR fixes, and firstline=lastline fix 
<2008/02/07> (tvz)
\FV@CodeLineNo=\count185
\FV@InFile=\read3
\FV@TabBox=\box49
\c@FancyVerbLine=\count186
\FV@StepNumber=\count187
\FV@OutFile=\write4
)
(/usr/local/texlive/2014/texmf-dist/tex/latex/natbib/natbib.sty
Package: natbib 2010/09/13 8.31b (PWD, AO)
\bibhang=\skip75
\bibsep=\skip76
LaTeX Info: Redefining \cite on input line 694.
\c@NAT@ctr=\count188
)
Package hyperref Info: Option `colorlinks' set `true' on input line 22.
\c@Theorem=\count189
 (./main.aux

LaTeX Warning: Label `notation' multiply defined.

)
\openout1 = `main.aux'.

LaTeX Font Info:    Checking defaults for OML/cmm/m/it on input line 32.
LaTeX Font Info:    ... okay on input line 32.
LaTeX Font Info:    Checking defaults for T1/cmr/m/n on input line 32.
LaTeX Font Info:    ... okay on input line 32.
LaTeX Font Info:    Checking defaults for OT1/cmr/m/n on input line 32.
LaTeX Font Info:    ... okay on input line 32.
LaTeX Font Info:    Checking defaults for OMS/cmsy/m/n on input line 32.
LaTeX Font Info:    ... okay on input line 32.
LaTeX Font Info:    Checking defaults for OMX/cmex/m/n on input line 32.
LaTeX Font Info:    ... okay on input line 32.
LaTeX Font Info:    Checking defaults for U/cmr/m/n on input line 32.
LaTeX Font Info:    ... okay on input line 32.
LaTeX Font Info:    Checking defaults for PD1/pdf/m/n on input line 32.
LaTeX Font Info:    ... okay on input line 32.
LaTeX Font Info:    Checking defaults for PU/pdf/m/n on input line 32.
LaTeX Font Info:    ... okay on input line 32.
Package caption Info: Begin \AtBeginDocument code.
Package caption Info: hyperref package is loaded.
Package caption Info: listings package is loaded.
Package caption Info: longtable package is loaded.
 (/usr/local/texlive/2014/texmf-dist/tex/latex/caption/ltcaption.sty
Package: ltcaption 2013/02/03 v1.3-62 longtable captions (AR)
)
Package caption Info: rotating package is loaded.
Package caption Info: subfigure package is loaded.
Package caption Info: wrapfig package is loaded.
Package caption Info: End \AtBeginDocument code.

(/usr/local/texlive/2014/texmf-dist/tex/context/base/supp-pdf.mkii
[Loading MPS to PDF converter (version 2006.09.02).]
\scratchcounter=\count190
\scratchdimen=\dimen210
\scratchbox=\box50
\nofMPsegments=\count191
\nofMParguments=\count192
\everyMPshowfont=\toks49
\MPscratchCnt=\count193
\MPscratchDim=\dimen211
\MPnumerator=\count194
\makeMPintoPDFobject=\count195
\everyMPtoPDFconversion=\toks50
)
\c@lstlisting=\count196
\AtBeginShipoutBox=\box51
Package hyperref Info: Link coloring ON on input line 32.
 (/usr/local/texlive/2014/texmf-dist/tex/latex/hyperref/nameref.sty
Package: nameref 2012/10/27 v2.43 Cross-referencing by name of section

(/usr/local/texlive/2014/texmf-dist/tex/generic/oberdiek/gettitlestring.sty
Package: gettitlestring 2010/12/03 v1.4 Cleanup title references (HO)
)
\c@section@level=\count197
)
LaTeX Info: Redefining \ref on input line 32.
LaTeX Info: Redefining \pageref on input line 32.
LaTeX Info: Redefining \nameref on input line 32.

(./main.out) (./main.out)
\@outlinefile=\write5
\openout5 = `main.out'.

 ABD: EveryShipout initializing macros
------------------------------------------------------------------------------
 Table of Contents
------------------------------------------------------------------------------
(./main.toc
LaTeX Font Info:    Try loading font information for U+msa on input line 6.
 (/usr/local/texlive/2014/texmf-dist/tex/latex/amsfonts/umsa.fd
File: umsa.fd 2013/01/14 v3.01 AMS symbols A
)
LaTeX Font Info:    Try loading font information for U+msb on input line 6.

(/usr/local/texlive/2014/texmf-dist/tex/latex/amsfonts/umsb.fd
File: umsb.fd 2013/01/14 v3.01 AMS symbols B
) [1





{/usr/local/texlive/2014/texmf-var/fonts/map/pdftex/updmap/pdftex.map}] [2])
\tf@toc=\write6
\openout6 = `main.toc'.

 [3]
------------------------------------------------------------------------------
 List of Figures
------------------------------------------------------------------------------
(./main.lof)
\tf@lof=\write7
\openout7 = `main.lof'.

 [4


]
------------------------------------------------------------------------------
 List of Tables
------------------------------------------------------------------------------
(./main.lot
Overfull \hbox (15.87718pt too wide) in paragraph at lines 10--10
 [][] [][][]\OT1/cmr/m/sc/10.95 Attack sce-nario against Re-spon-der's guar-an-
tee in Wong-Stajano 
 []


Overfull \hbox (6.93471pt too wide) in paragraph at lines 11--11
 [][] [][][]\OT1/cmr/m/sc/10.95 Attack sce-nario against Ini-tia-tor's guar-an-
tee in Wong-Stajano 
 []

)
\tf@lot=\write8
\openout8 = `main.lot'.

 [5


] (./Chapters/Chapter1.tex
Chapter 1.
------------------------------------------------------------------------------
 1 Introduction
------------------------------------------------------------------------------

Package natbib Warning: Citation `iotsurvey' on page 1 undefined on input line 
11.


Package natbib Warning: Citation `TUD-CS-2015198' on page 1 undefined on input 
line 13.

LaTeX Font Info:    Try loading font information for OMS+cmr on input line 15.
(/usr/local/texlive/2014/texmf-dist/tex/latex/base/omscmr.fd
File: omscmr.fd 1999/05/25 v2.5h Standard LaTeX font definitions
)
LaTeX Font Info:    Font shape `OMS/cmr/m/n' in size <10.95> not available
(Font)              Font shape `OMS/cmsy/m/n' tried instead on input line 15.
 [1



] [2] [3]
[4]) (./Chapters/Chapter2.tex [5]
Chapter 2.
------------------------------------------------------------------------------
 2 Secure Device Pairing Protocols
------------------------------------------------------------------------------
[6

] [7] [8] [9] [10] [11]
Overfull \hbox (32.27095pt too wide) in paragraph at lines 165--198
 [] 
 []

[12]
Overfull \hbox (34.51825pt too wide) in paragraph at lines 224--246
 [][] 
 []

[13] [14]

Package natbib Warning: Citation `maher' on page 15 undefined on input line 290
.

[15] [16] [17]
Overfull \hbox (0.42862pt too wide) in paragraph at lines 463--464
[]$\OML/cmm/m/it/10.95 Bob$ \OT1/cmr/m/n/10.95 gen-er-ates a key $\OML/cmm/m/it
/10.95 K[]$\OT1/cmr/m/n/10.95 , com-putes $\OML/cmm/m/it/10.95 MAC[] \OT1/cmr/m
/n/10.95 = \OML/cmm/m/it/10.95 m[]\OT1/cmr/m/n/10.95 (\OML/cmm/m/it/10.95 ID[];
 M; R\OT1/cmr/m/n/10.95 )$, then sends $\OML/cmm/m/it/10.95 MAC[]$
 []

[18]
Overfull \hbox (1.18808pt too wide) in paragraph at lines 467--468
[]$\OML/cmm/m/it/10.95 Bob$ \OT1/cmr/m/n/10.95 re-com-putes $\OML/cmm/m/it/10.9
5 MAC[]$ \OT1/cmr/m/n/10.95 and ver-i-fies its stored value of $\OML/cmm/m/it/1
0.95 M$\OT1/cmr/m/n/10.95 , the ex-pected identifier$\OML/cmm/m/it/10.95 I[]$\O
T1/cmr/m/n/10.95 ,
 []

[19] [20] [21] [22] [23] [24] [25] [26] [27] [28] [29] [30] [31] [32] [33]
Overfull \hbox (5.0518pt too wide) in paragraph at lines 1167--1167
[]|\OT1/cmr/bx/n/8 Communication| 
 []


Underfull \hbox (badness 10000) in paragraph at lines 1167--1167
[]|\OT1/cmr/bx/n/8 Required
 []


Underfull \hbox (badness 10000) in paragraph at lines 1167--1167
\OT1/cmr/bx/n/8 Cryp-to-
 []


Underfull \hbox (badness 10000) in paragraph at lines 1168--1168
[]|\OT1/cmr/bx/n/8 Wireless
 []


Underfull \hbox (badness 10000) in paragraph at lines 1168--1168
[]|\OT1/cmr/bx/n/8 OOB
 []


Underfull \hbox (badness 10000) in paragraph at lines 1168--1168
[]|\OT1/cmr/bx/n/8 Cost over
 []


Underfull \hbox (badness 10000) in paragraph at lines 1170--1170
[]|\OT1/cmr/m/n/8 Long OOB
 []


Underfull \hbox (badness 10000) in paragraph at lines 1172--1172
[]|\OT1/cmr/m/n/8 Talking to
 []


Underfull \hbox (badness 10000) in paragraph at lines 1172--1172
[]|\OT1/cmr/m/n/8 Not spe-cific
 []


Underfull \hbox (badness 5008) in paragraph at lines 1172--1172
\OT1/cmr/m/n/8 HASH out-put
 []


Underfull \hbox (badness 10000) in paragraph at lines 1172--1172
\OT1/cmr/m/n/8 length, long
 []


Underfull \hbox (badness 10000) in paragraph at lines 1174--1174
[]|\OT1/cmr/m/n/8 Long OOB
 []


Underfull \hbox (badness 10000) in paragraph at lines 1176--1176
[]|\OT1/cmr/m/n/8 20 bits K +
 []


Underfull \hbox (badness 10000) in paragraph at lines 1178--1178
[]|\OT1/cmr/m/n/8 20 bits K +
 []


Underfull \hbox (badness 10000) in paragraph at lines 1182--1182
[]|\OT1/cmr/m/n/8 Wong-Stajano
 []


Underfull \hbox (badness 10000) in paragraph at lines 1184--1184
[]|\OT1/cmr/m/n/8 Wong-Stajano
 []


Underfull \hbox (badness 10000) in paragraph at lines 1184--1184
\OT1/cmr/m/n/8 Bidi-rec-tional
 []


Underfull \hbox (badness 10000) in paragraph at lines 1184--1184
\OT1/cmr/m/n/8 Au-then-ti-cated
 []


Underfull \hbox (badness 10000) in paragraph at lines 1186--1186
[]|\OT1/cmr/m/n/8 Wong-Stajano
 []


Underfull \hbox (badness 10000) in paragraph at lines 1186--1186
\OT1/cmr/m/n/8 Uni-di-rec-tional
 []


Underfull \hbox (badness 10000) in paragraph at lines 1186--1186
\OT1/cmr/m/n/8 Au-then-ti-cated
 []


Underfull \hbox (badness 10000) in paragraph at lines 1188--1188
[]|\OT1/cmr/m/n/8 Improved
 []


Underfull \hbox (badness 1107) in paragraph at lines 1188--1188
[]|\OT1/cmr/m/n/8 1 HASH + 1
 []


Underfull \hbox (badness 10000) in paragraph at lines 1190--1190
[]|\OT1/cmr/m/n/8 2* (n bits
 []


Underfull \hbox (badness 6396) in paragraph at lines 1190--1190
[]|\OT1/cmr/m/n/8 Short(S[]) and
 []


Underfull \hbox (badness 6708) in paragraph at lines 1190--1190
[]|\OT1/cmr/m/n/8 n is un-clear,
 []


Underfull \hbox (badness 10000) in paragraph at lines 1190--1190
\OT1/cmr/m/n/8 fresh ran-dom
 []


Underfull \hbox (badness 10000) in paragraph at lines 1192--1192
[]|\OT1/cmr/m/n/8 Improved
 []


Underfull \hbox (badness 10000) in paragraph at lines 1192--1192
\OT1/cmr/m/n/8 Ephemeral
 []


Underfull \hbox (badness 6396) in paragraph at lines 1192--1192
[]|\OT1/cmr/m/n/8 Short(S[]) and
 []


Underfull \hbox (badness 10000) in paragraph at lines 1192--1192
[]|\OT1/cmr/m/n/8 fresh ran-dom
 []


Underfull \hbox (badness 10000) in paragraph at lines 1194--1194
[]|\OT1/cmr/m/n/8 4-move SAS
 []


Underfull \hbox (badness 10000) in paragraph at lines 1196--1196
[]|\OT1/cmr/m/n/8 3-move SAS
 []


Underfull \hbox (badness 10000) in paragraph at lines 1198--1198
[]|\OT1/cmr/m/n/8 SAS Cros
 []


Underfull \hbox (badness 10000) in paragraph at lines 1198--1198
\OT1/cmr/m/n/8 AKA Pasini-
 []


Underfull \hbox (badness 6758) in paragraph at lines 1198--1198
[]|\OT1/cmr/m/n/8 2 * (15-20bits
 []


Underfull \hbox (badness 10000) in paragraph at lines 1200--1200
[]|\OT1/cmr/m/n/8 1 CS + 1
 []


Underfull \hbox (badness 10000) in paragraph at lines 1202--1202
[]|\OT1/cmr/m/n/8 1 CS + 1
 []


Overfull \hbox (39.61221pt too wide) in paragraph at lines 1165--1221
 [][] 
 []

[34]

LaTeX Warning: Command \O invalid in math mode on input line 1285.

[35] [36] <./Pictures/imp.jpg, id=1034, 2457.18pt x 2457.18pt>
File: ./Pictures/imp.jpg Graphic file (type jpg)

<use ./Pictures/imp.jpg>
Package pdftex.def Info: ./Pictures/imp.jpg used on input line 1346.
(pdftex.def)             Requested size: 208.73653pt x 208.7263pt.
 [37]

LaTeX Warning: Reference `WS' on page 38 undefined on input line 1386.


LaTeX Warning: Reference `WSbiattack' on page 38 undefined on input line 1386.


LaTeX Warning: Reference `WSbiattacktable' on page 38 undefined on input line 1
386.

<./Pictures/WSbi.png, id=1042, 765.86125pt x 467.7475pt>
File: ./Pictures/WSbi.png Graphic file (type png)

<use ./Pictures/WSbi.png>
Package pdftex.def Info: ./Pictures/WSbi.png used on input line 1410.
(pdftex.def)             Requested size: 375.7232pt x 229.46948pt.


Package natbib Warning: Citation `Stajano:2014aa' on page 38 undefined on input
 line 1415.


LaTeX Warning: Reference `WSuniattack' on page 38 undefined on input line 1419.



LaTeX Warning: Reference `WSuniattack' on page 38 undefined on input line 1419.


[38 <./Pictures/imp.jpg>]
<./Pictures/WSuni.png, id=1051, 657.45625pt x 486.81876pt>
File: ./Pictures/WSuni.png Graphic file (type png)

<use ./Pictures/WSuni.png>
Package pdftex.def Info: ./Pictures/WSuni.png used on input line 1443.
(pdftex.def)             Requested size: 333.97972pt x 247.30118pt.


LaTeX Warning: Reference `SRSattack' on page 39 undefined on input line 1450.


LaTeX Warning: Reference `SRSattacktable' on page 39 undefined on input line 14
50.

[39 <./Pictures/WSbi.png> <./Pictures/WSuni.png>]
<./Pictures/SRS.png, id=1061, 657.45625pt x 421.575pt>
File: ./Pictures/SRS.png Graphic file (type png)

<use ./Pictures/SRS.png>
Package pdftex.def Info: ./Pictures/SRS.png used on input line 1473.
(pdftex.def)             Requested size: 333.97972pt x 214.15771pt.


LaTeX Warning: Reference `Hoepman' on page 40 undefined on input line 1481.


LaTeX Warning: Reference `Hoepmantable' on page 40 undefined on input line 1481
.

<./Pictures/Hoepman.png, id=1062, 780.9175pt x 480.79625pt>
File: ./Pictures/Hoepman.png Graphic file (type png)

<use ./Pictures/Hoepman.png>
Package pdftex.def Info: ./Pictures/Hoepman.png used on input line 1485.
(pdftex.def)             Requested size: 375.7232pt x 231.32246pt.
 [40 <./Pictures/SRS.png>])
(./Chapters/Chapter3.tex [41 <./Pictures/Hoepman.png>] [42] [43] [44]
Chapter 3.
------------------------------------------------------------------------------
 3 Analysis of Secure Device Pairing Protocols
------------------------------------------------------------------------------

Package natbib Warning: Citation `Stajano:2011aa' on page 45 undefined on input
 line 16.


Package natbib Warning: Citation `Stajano:2014aa' on page 45 undefined on input
 line 16.

[45

] [46] [47]

LaTeX Warning: Reference `penetrator_model' on page 48 undefined on input line 
81.

[48] [49] [50]
Overfull \hbox (0.55206pt too wide) in paragraph at lines 189--191
\OMS/cmsy/m/n/9 h\OT1/cmr/m/n/9 +\OML/cmm/m/it/9 g[]; \OMS/cmsy/m/n/9 ^^@\OT1/c
mr/m/n/9 (\OML/cmm/m/it/9 B; g[]; h[]\OT1/cmr/m/n/9 (\OML/cmm/m/it/9 B; g[]; g[
]; r[]\OT1/cmr/m/n/9 )\OML/cmm/m/it/9 ; \OT1/cmr/m/n/9 +[]\OML/cmm/m/it/9 ACK; 
\OMS/cmsy/m/n/9 ^^@[]\OML/cmm/m/it/9 r[]; \OMS/cmsy/m/n/9 ^^@\OML/cmm/m/it/9 k[
]\OMS/cmsy/m/n/9 i$\OT1/cmr/m/n/9 , where $\OML/cmm/m/it/9 B \OMS/cmsy/m/n/9 2 
T[]$\OT1/cmr/m/n/9 , $\OML/cmm/m/it/9 ACK \OMS/cmsy/m/n/9 2 T$\OT1/cmr/m/n/9 , 
and $\OML/cmm/m/it/9 g[]; g[] \OMS/cmsy/m/n/9 2
 []


Overfull \hbox (4.14926pt too wide) in paragraph at lines 191--192
\OMS/cmsy/m/n/9 h^^@\OML/cmm/m/it/9 g[]; \OT1/cmr/m/n/9 +(\OML/cmm/m/it/9 B; g[
]; h[]\OT1/cmr/m/n/9 (\OML/cmm/m/it/9 B; g[]; g[]; r[]\OT1/cmr/m/n/9 ))\OML/cmm
/m/it/9 ; \OMS/cmsy/m/n/9 ^^@[]\OML/cmm/m/it/9 ACK; \OT1/cmr/m/n/9 +[]\OML/cmm/
m/it/9 r[]; \OT1/cmr/m/n/9 +\OML/cmm/m/it/9 k[]\OMS/cmsy/m/n/9 i$\OT1/cmr/m/n/9
 , where $\OML/cmm/m/it/9 B \OMS/cmsy/m/n/9 2 T[]$\OT1/cmr/m/n/9 , $\OML/cmm/m/
it/9 ACK \OMS/cmsy/m/n/9 2 T$\OT1/cmr/m/n/9 , and $\OML/cmm/m/it/9 g[]; g[] \OM
S/cmsy/m/n/9 2
 []

[51] [52] [53] [54] [55] [56] [57] [58] [59] [60] [61] [62] [63] [64] [65]
[66] [67]
Overfull \hbox (24.70984pt too wide) in paragraph at lines 848--849
\OT1/cmr/m/n/10.95 against its goals. Me-chan-i-cally, $\OML/cmm/m/it/10.95 st[
]$ \OT1/cmr/m/n/10.95 is con-structed by some strands $\OML/cmm/m/it/10.95 M; F
; T; C; S; K; E; D; H$
 []

[68]
Overfull \hbox (0.16495pt too wide) in paragraph at lines 857--858
[]\OT1/cmr/m/n/10.95 For the long-range pub-lic, we eas-ily re-place the $\OMS/
cmsy/m/n/10.95 h^^@\OML/cmm/m/it/10.95 t\OT1/cmr/m/n/10.95 1\OML/cmm/m/it/10.95
 ; \OT1/cmr/m/n/10.95 +\OML/cmm/m/it/10.95 h\OMS/cmsy/m/n/10.95 i$ \OT1/cmr/m/n
/10.95 by $\OML/cmm/m/it/10.95 SUS$ \OT1/cmr/m/n/10.95 strand, $\OMS/cmsy/m/n/1
0.95 h^^@\OML/cmm/m/it/10.95 t\OT1/cmr/m/n/10.95 1\OML/cmm/m/it/10.95 ; \OT1/cm
r/m/n/10.95 +\OML/cmm/m/it/10.95 t\OT1/cmr/m/n/10.95 1\OML/cmm/m/it/10.95 ; \OT
1/cmr/m/n/10.95 +\OML/cmm/m/it/10.95 m\OMS/cmsy/m/n/10.95 i$
 []

[69] [70] [71]) (./Chapters/Chapter4.tex [72]
Chapter 4.
------------------------------------------------------------------------------
 4 Secure Neighbour Discovery Protocols
------------------------------------------------------------------------------
[73

] [74] [75] [76]
Overfull \hbox (0.42203pt too wide) in paragraph at lines 92--93
\OT1/cmr/m/n/10.95 clock pe-ri-od-i-cally broad-casts greet-ing au-then-ti-cate
d mes-sages in-clud-ing its cur-rent times-
 []


Overfull \hbox (30.23027pt too wide) in paragraph at lines 94--95
[]\OT1/cmr/m/n/10.95 To over-come clock syn-chro-ni-sa-tion lim-i-ta-tions, cha
llenge-response schemes such as in [[]],[[]]
 []


Overfull \hbox (17.11069pt too wide) in paragraph at lines 98--99
\OT1/cmr/m/n/10.95 that al-lows par-tic-i-pants to de-ter-mine their neigh-bour
s' lo-ca-tion. An al-ter-na-tive method [[]]
 []

[77] [78]

Package natbib Warning: Citation `lin2006' on page 79 undefined on input line 1
24.

[79]

LaTeX Warning: Command \O invalid in math mode on input line 197.


LaTeX Warning: Command \O invalid in math mode on input line 197.


LaTeX Warning: Command \O invalid in math mode on input line 198.


LaTeX Warning: Command \O invalid in math mode on input line 199.

[80]

Package natbib Warning: Citation `Adnane20131159' on page 81 undefined on input
 line 236.


LaTeX Warning: Command \O invalid in math mode on input line 244.


LaTeX Warning: Command \O invalid in math mode on input line 244.

[81]

LaTeX Warning: Command \O invalid in math mode on input line 245.


LaTeX Warning: Command \O invalid in math mode on input line 245.

[82] [83]
Overfull \hbox (5.45724pt too wide) in paragraph at lines 300--301
[]\OT1/cmr/m/it/10.95 Single phys-i-cal link\OT1/cmr/m/n/10.95 : $\OMS/cmsy/m/n
/10.95 8\OML/cmm/m/it/10.95 st; st[] \OMS/cmsy/m/n/10.95 2 B$\OT1/cmr/m/n/10.95
 , $\OML/cmm/m/it/10.95 plink\OT1/cmr/m/n/10.95 (\OML/cmm/m/it/10.95 st; st[]; 
\OMS/cmsy/m/n/10.95 !\OT1/cmr/m/n/10.95 ) \OMS/cmsy/m/n/10.95 ,$ $\OML/cmm/m/it
/10.95 dist\OT1/cmr/m/n/10.95 (\OML/cmm/m/it/10.95 st; st[]\OT1/cmr/m/n/10.95 )
 \OMS/cmsy/m/n/10.95 ^^T
 []


Overfull \hbox (9.83708pt too wide) in paragraph at lines 303--304
[]\OT1/cmr/m/it/10.95 Double log-i-cal link\OT1/cmr/m/n/10.95 : $\OMS/cmsy/m/n/
10.95 8\OML/cmm/m/it/10.95 st; st[] \OMS/cmsy/m/n/10.95 2 B\OML/cmm/m/it/10.95 
;$ $\OMS/cmsy/m/n/10.95 9\OML/cmm/m/it/10.95 link\OT1/cmr/m/n/10.95 (\OML/cmm/m
/it/10.95 st; st[]; \OMS/cmsy/m/n/10.95 !\OT1/cmr/m/n/10.95 ) \OMS/cmsy/m/n/10.
95 ^ 9\OML/cmm/m/it/10.95 link\OT1/cmr/m/n/10.95 (\OML/cmm/m/it/10.95 st[]; st;
 \OMS/cmsy/m/n/10.95 !\OT1/cmr/m/n/10.95 ) \OMS/cmsy/m/n/10.95 , 9\OML/cmm/m/it
/10.95 link\OT1/cmr/m/n/10.95 (\OML/cmm/m/it/10.95 st; st[]; \OMS/cmsy/m/n/10.9
5 $
 []

[84] [85] [86]

LaTeX Warning: Reference `' on page 87 undefined on input line 382.


Overfull \hbox (17.63351pt too wide) in paragraph at lines 397--398
[][]\OT1/cmr/m/it/10.95 Proposition \OT1/cmr/m/n/10.95 4.3.10\OT1/cmr/m/it/10.9
5 . []\OT1/cmr/m/n/10.95 Given reg-u-lar strands $\OML/cmm/m/it/10.95 st; st[] 
\OMS/cmsy/m/n/10.95 2 B$\OT1/cmr/m/n/10.95 , as-sume that $\OML/cmm/m/it/10.95 
R[] \OT1/cmr/m/n/10.95 = \OML/cmm/m/it/10.95 R[]$\OT1/cmr/m/n/10.95 , $\OMS/cms
y/m/n/10.95 9\OML/cmm/m/it/10.95 link\OT1/cmr/m/n/10.95 (\OML/cmm/m/it/10.95 st
; st[]; \OMS/cmsy/m/n/10.95 $
 []

[87]

LaTeX Warning: Reference `difrange' on page 88 undefined on input line 401.

Missing character: There is no t in font nullfont!
[88] [89]
Overfull \hbox (14.80266pt too wide) in paragraph at lines 486--487
\OMS/cmsy/m/n/10.95 2 \OML/cmm/m/it/10.95 Init\OT1/cmr/m/n/10.95 [\OML/cmm/m/it
/10.95 A; t[]; t[]; ASYM[]LINK; SYM[]LINK\OT1/cmr/m/n/10.95 ]$ with trace $\OML
/cmm/m/it/10.95 < \OT1/cmr/m/n/10.95 +\OML/cmm/m/it/10.95 M[]; \OMS/cmsy/m/n/10
.95 ^^@\OML/cmm/m/it/10.95 M[]; \OT1/cmr/m/n/10.95 +\OML/cmm/m/it/10.95 M[]; \O
MS/cmsy/m/n/10.95 ^^@\OML/cmm/m/it/10.95 M[] >$ 
 []


Overfull \hbox (19.61275pt too wide) in paragraph at lines 487--488
\OMS/cmsy/m/n/10.95 2 \OML/cmm/m/it/10.95 Resp\OT1/cmr/m/n/10.95 [\OML/cmm/m/it
/10.95 B; t[]; t[]; ASYM[]LINK; SYM[]LINK\OT1/cmr/m/n/10.95 ]$ with trace $\OML
/cmm/m/it/10.95 < \OMS/cmsy/m/n/10.95 ^^@\OML/cmm/m/it/10.95 M[]; \OT1/cmr/m/n/
10.95 +\OML/cmm/m/it/10.95 M[]; \OMS/cmsy/m/n/10.95 ^^@\OML/cmm/m/it/10.95 M[];
 \OT1/cmr/m/n/10.95 +\OML/cmm/m/it/10.95 M[] >$ 
 []

[90] [91]) (./Chapters/Chapter5.tex [92]
Chapter 5.
------------------------------------------------------------------------------
 5 A Secure Bootstrapping for Constrained Devices
------------------------------------------------------------------------------
[93

] [94] [95] [96] [97]
Underfull \hbox (badness 4686) in paragraph at lines 128--128
[]|\OT1/cmr/m/n/10 the de-vice in-for-ma-tion in-clud-ing $\OML/cmm/m/it/10 MS[
]ID$\OT1/cmr/m/n/10 , $\OML/cmm/m/it/10 Dev[]ID$\OT1/cmr/m/n/10 ,
 []

[98] <./Pictures/boot.png, id=1716, 938.50626pt x 418.56375pt>
File: ./Pictures/boot.png Graphic file (type png)

<use ./Pictures/boot.png>
Package pdftex.def Info: ./Pictures/boot.png used on input line 147.
(pdftex.def)             Requested size: 417.47307pt x 186.18683pt.
 [99]
<./Pictures/pairing.png, id=1724, 435.6275pt x 325.215pt>
File: ./Pictures/pairing.png Graphic file (type png)

<use ./Pictures/pairing.png>
Package pdftex.def Info: ./Pictures/pairing.png used on input line 161.
(pdftex.def)             Requested size: 208.73653pt x 155.82849pt.
 [100 <./Pictures/boot.png>] [101 <./Pictures/pairing.png>]
Overfull \hbox (11.47295pt too wide) in paragraph at lines 188--189
[]\OT1/cmr/m/n/10.95 After suc-cess-ful val-i-da-tion and reg-is-tra-tion, the 
home gate-way gen-er-ates the $\OML/cmm/m/it/10.95 Dev[]FR$\OT1/cmr/m/n/10.95 ,

 []

<./Pictures/verification.png, id=1753, 710.655pt x 432.61626pt>
File: ./Pictures/verification.png Graphic file (type png)

<use ./Pictures/verification.png>
Package pdftex.def Info: ./Pictures/verification.png used on input line 196.
(pdftex.def)             Requested size: 392.42569pt x 238.89685pt.
 [102 <./Pictures/verification.png>]
<./Pictures/networkasso.png, id=1767, 410.53375pt x 356.33125pt>
File: ./Pictures/networkasso.png Graphic file (type png)

<use ./Pictures/networkasso.png>
Package pdftex.def Info: ./Pictures/networkasso.png used on input line 218.
(pdftex.def)             Requested size: 208.73653pt x 181.17737pt.
 [103 <./Pictures/networkasso.png>]
<./Pictures/renetasso.png, id=1782, 410.53375pt x 350.30875pt>
File: ./Pictures/renetasso.png Graphic file (type png)

<use ./Pictures/renetasso.png>
Package pdftex.def Info: ./Pictures/renetasso.png used on input line 240.
(pdftex.def)             Requested size: 208.73653pt x 178.11522pt.
 [104 <./Pictures/renetasso.png>] [105])
(./Chapters/Chapter6.tex [106]
Chapter 6.
------------------------------------------------------------------------------
 6 Conclusion and Future Work
------------------------------------------------------------------------------
[107

] [108]) (./Appendices/AppendixA.tex [109]
Appendix A.
------------------------------------------------------------------------------
 A Strand Spaces Model
------------------------------------------------------------------------------
[110

]
Overfull \hbox (37.10316pt too wide) in paragraph at lines 44--45
\OT1/cmr/m/n/10.95 ple, the strand of the ini-tia-tor for the NS pro-to-col is 
$\OMS/cmsy/m/n/10.95 h\OT1/cmr/m/n/10.95 +\OMS/cmsy/m/n/10.95 f\OML/cmm/m/it/10
.95 N[]; A\OMS/cmsy/m/n/10.95 g[]\OML/cmm/m/it/10.95 ; \OMS/cmsy/m/n/10.95 ^^@f
\OML/cmm/m/it/10.95 N[]; N[]\OMS/cmsy/m/n/10.95 g[]\OML/cmm/m/it/10.95 ; \OT1/c
mr/m/n/10.95 +\OMS/cmsy/m/n/10.95 f\OML/cmm/m/it/10.95 N[]\OMS/cmsy/m/n/10.95 g
[]i$\OT1/cmr/m/n/10.95 .
 []

[111] [112]
Overfull \hbox (40.23264pt too wide) in paragraph at lines 101--102
[]\OT1/cmr/m/n/10.95 Conveniently, we re-fer the ex-am-ple of Thayer[[]]. If we
 have a term like $\OML/cmm/m/it/10.95 B\OMS/cmsy/m/n/10.95 f\OML/cmm/m/it/10.9
5 N[]K\OMS/cmsy/m/n/10.95 f\OML/cmm/m/it/10.95 KN[]\OMS/cmsy/m/n/10.95 g[]g[]\O
ML/cmm/m/it/10.95 N[]$\OT1/cmr/m/n/10.95 ,
 []

[113] [114] [115]) (./Appendices/AppendixB.tex [116]
Appendix B.
------------------------------------------------------------------------------
 B Analysis Wong-Stajano Protocol in AVISPA
------------------------------------------------------------------------------
[117

] [118] [119] [120] [121] [122] [123]) (./Appendices/AppendixC.tex [124]
Appendix C.
------------------------------------------------------------------------------
 C Implementation of 2-Move Secure Device Pairing on Arduino
------------------------------------------------------------------------------
[125

] [126] [127] [128] [129] [130] [131] [132] [133] [134] [135] [136]
[137] [138] [139] [140] [141]) [142]
------------------------------------------------------------------------------
 Bibliography
------------------------------------------------------------------------------
(./main.bbl [143


] [144] [145] [146] [147] [148] [149] [150] [151] [152]
[153] [154] [155])

Package natbib Warning: There were undefined citations.

[156]
Package atveryend Info: Empty hook `BeforeClearDocument' on input line 134.
Package atveryend Info: Empty hook `AfterLastShipout' on input line 134.
 (./main.aux)
Package atveryend Info: Executing hook `AtVeryEndDocument' on input line 134.
Package atveryend Info: Executing hook `AtEndAfterFileList' on input line 134.


Package rerunfilecheck Warning: File `main.out' has changed.
(rerunfilecheck)                Rerun to get outlines right
(rerunfilecheck)                or use package `bookmark'.

Package rerunfilecheck Info: Checksums for `main.out':
(rerunfilecheck)             Before: 355695B534867ADE7713A3D7E763DCEF;18100
(rerunfilecheck)             After:  BB229284B1C4D3FC2E1517E562FB976A;20639.

LaTeX Warning: There were undefined references.


LaTeX Warning: There were multiply-defined labels.

Package atveryend Info: Empty hook `AtVeryVeryEnd' on input line 134.
 )
(\end occurred inside a group at level 2)

### simple group (level 2) entered at line 36 ({)
### simple group (level 1) entered at line 9 ({)
### bottom level 
Here is how much of TeX's memory you used:
 26915 strings out of 493117
 466777 string characters out of 6135433
 531790 words of memory out of 5000000
 28990 multiletter control sequences out of 15000+600000
 17387 words of font info for 65 fonts, out of 8000000 for 9000
 1141 hyphenation exceptions out of 8191
 55i,16n,63p,1682b,1031s stack positions out of 5000i,500n,10000p,200000b,80000s
pdfTeX warning (dest): name{Theorem.390} has been referenced bu
t does not exist, replaced by a fixed one

pdfTeX warning (dest): name{Theorem.389} has been referenced but does not exist
, replaced by a fixed one

pdfTeX warning (dest): name{Theorem.317} has been referenced but does not exist
, replaced by a fixed one

pdfTeX warning (dest): name{section*.257} has been referenced but does not exis
t, replaced by a fixed one

pdfTeX warning (dest): name{Theorem.235} has been referenced but does not exist
, replaced by a fixed one

pdfTeX warning (dest): name{Theorem.228} has been referenced but does not exist
, replaced by a fixed one

pdfTeX warning (dest): name{Theorem.219} has been referenced but does not exist
, replaced by a fixed one

pdfTeX warning (dest): name{Theorem.218} has been referenced but does not exist
, replaced by a fixed one

pdfTeX warning (dest): name{Theorem.221} has been referenced but does not exist
, replaced by a fixed one

pdfTeX warning (dest): name{Theorem.217} has been referenced but does not exist
, replaced by a fixed one

pdfTeX warning (dest): name{table.caption.394} has been referenced but does not
 exist, replaced by a fixed one

pdfTeX warning (dest): name{table.caption.345} has been referenced but does not
 exist, replaced by a fixed one

pdfTeX warning (dest): name{table.caption.272} has been referenced but does not
 exist, replaced by a fixed one

pdfTeX warning (dest): name{table.caption.209} has been referenced but does not
 exist, replaced by a fixed one

pdfTeX warning (dest): name{table.caption.200} has been referenced but does not
 exist, replaced by a fixed one

pdfTeX warning (dest): name{table.caption.198} has been referenced but does not
 exist, replaced by a fixed one

pdfTeX warning (dest): name{table.caption.185} has been referenced but does not
 exist, replaced by a fixed one

pdfTeX warning (dest): name{table.caption.88} has been referenced but does not 
exist, replaced by a fixed one

pdfTeX warning (dest): name{table.caption.85} has been referenced but does not 
exist, replaced by a fixed one

pdfTeX warning (dest): name{table.caption.80} has been referenced but does not 
exist, replaced by a fixed one

pdfTeX warning (dest): name{table.caption.79} has been referenced but does not 
exist, replaced by a fixed one

pdfTeX warning (dest): name{table.caption.77} has been referenced but does not 
exist, replaced by a fixed one

pdfTeX warning (dest): name{figure.caption.393} has been referenced but does no
t exist, replaced by a fixed one

pdfTeX warning (dest): name{figure.caption.385} has been referenced but does no
t exist, replaced by a fixed one

pdfTeX warning (dest): name{figure.caption.377} has been referenced but does no
t exist, replaced by a fixed one

pdfTeX warning (dest): name{figure.caption.369} has been referenced but does no
t exist, replaced by a fixed one

pdfTeX warning (dest): name{figure.caption.350} has been referenced but does no
t exist, replaced by a fixed one

pdfTeX warning (dest): name{figure.caption.347} has been referenced but does no
t exist, replaced by a fixed one

pdfTeX warning (dest): name{figure.caption.334} has been referenced but does no
t exist, replaced by a fixed one

pdfTeX warning (dest): name{figure.caption.327} has been referenced but does no
t exist, replaced by a fixed one

pdfTeX warning (dest): name{figure.caption.319} has been referenced but does no
t exist, replaced by a fixed one

pdfTeX warning (dest): name{figure.caption.318} has been referenced but does no
t exist, replaced by a fixed one

pdfTeX warning (dest): name{figure.caption.314} has been referenced but does no
t exist, replaced by a fixed one

pdfTeX warning (dest): name{figure.caption.277} has been referenced but does no
t exist, replaced by a fixed one

pdfTeX warning (dest): name{figure.caption.264} has been referenced but does no
t exist, replaced by a fixed one

pdfTeX warning (dest): name{figure.caption.261} has been referenced but does no
t exist, replaced by a fixed one

pdfTeX warning (dest): name{figure.caption.258} has been referenced but does no
t exist, replaced by a fixed one

pdfTeX warning (dest): name{figure.caption.255} has been referenced but does no
t exist, replaced by a fixed one

pdfTeX warning (dest): name{figure.caption.244} has been referenced but does no
t exist, replaced by a fixed one

pdfTeX warning (dest): name{figure.caption.208} has been referenced but does no
t exist, replaced by a fixed one

pdfTeX warning (dest): name{figure.caption.192} has been referenced but does no
t exist, replaced by a fixed one

pdfTeX warning (dest): name{dummy.399} has been referenced but does not exist, 
replaced by a fixed one

pdfTeX warning (dest): name{section.398} has been referenced but does not exist
, replaced by a fixed one

pdfTeX warning (dest): name{section.397} has been referenced but does not exist
, replaced by a fixed one

pdfTeX warning (dest): name{chapter.396} has been referenced but does not exist
, replaced by a fixed one

pdfTeX warning (dest): name{section.395} has been referenced but does not exist
, replaced by a fixed one

pdfTeX warning (dest): name{subsection.392} has been referenced but does not ex
ist, replaced by a fixed one

pdfTeX warning (dest): name{subsection.388} has been referenced but does not ex
ist, replaced by a fixed one

pdfTeX warning (dest): name{section.387} has been referenced but does not exist
, replaced by a fixed one

pdfTeX warning (dest): name{subsection.370} has been referenced but does not ex
ist, replaced by a fixed one

pdfTeX warning (dest): name{subsection.360} has been referenced but does not ex
ist, replaced by a fixed one

pdfTeX warning (dest): name{subsection.348} has been referenced but does not ex
ist, replaced by a fixed one

pdfTeX warning (dest): name{subsection.346} has been referenced but does not ex
ist, replaced by a fixed one

pdfTeX warning (dest): name{section.343} has been referenced but does not exist
, replaced by a fixed one

pdfTeX warning (dest): name{subsection.342} has been referenced but does not ex
ist, replaced by a fixed one

pdfTeX warning (dest): name{subsection.340} has been referenced but does not ex
ist, replaced by a fixed one

pdfTeX warning (dest): name{section.339} has been referenced but does not exist
, replaced by a fixed one

pdfTeX warning (dest): name{section.338} has been referenced but does not exist
, replaced by a fixed one

pdfTeX warning (dest): name{chapter.337} has been referenced but does not exist
, replaced by a fixed one

pdfTeX warning (dest): name{section.336} has been referenced but does not exist
, replaced by a fixed one

pdfTeX warning (dest): name{subsection.335} has been referenced but does not ex
ist, replaced by a fixed one

pdfTeX warning (dest): name{subsection.328} has been referenced but does not ex
ist, replaced by a fixed one

pdfTeX warning (dest): name{subsection.323} has been referenced but does not ex
ist, replaced by a fixed one

pdfTeX warning (dest): name{section.322} has been referenced but does not exist
, replaced by a fixed one

pdfTeX warning (dest): name{subsection.306} has been referenced but does not ex
ist, replaced by a fixed one

pdfTeX warning (dest): name{subsection.304} has been referenced but does not ex
ist, replaced by a fixed one

pdfTeX warning (dest): name{section.301} has been referenced but does not exist
, replaced by a fixed one

pdfTeX warning (dest): name{subsection.294} has been referenced but does not ex
ist, replaced by a fixed one

pdfTeX warning (dest): name{subsection.293} has been referenced but does not ex
ist, replaced by a fixed one

pdfTeX warning (dest): name{subsection.288} has been referenced but does not ex
ist, replaced by a fixed one

pdfTeX warning (dest): name{section.285} has been referenced but does not exist
, replaced by a fixed one

pdfTeX warning (dest): name{chapter.281} has been referenced but does not exist
, replaced by a fixed one

pdfTeX warning (dest): name{section.280} has been referenced but does not exist
, replaced by a fixed one

pdfTeX warning (dest): name{subsection.276} has been referenced but does not ex
ist, replaced by a fixed one

pdfTeX warning (dest): name{subsection.275} has been referenced but does not ex
ist, replaced by a fixed one

pdfTeX warning (dest): name{subsection.273} has been referenced but does not ex
ist, replaced by a fixed one

pdfTeX warning (dest): name{subsection.270} has been referenced but does not ex
ist, replaced by a fixed one

pdfTeX warning (dest): name{subsection.252} has been referenced but does not ex
ist, replaced by a fixed one

pdfTeX warning (dest): name{subsection.251} has been referenced but does not ex
ist, replaced by a fixed one

pdfTeX warning (dest): name{section.250} has been referenced but does not exist
, replaced by a fixed one

pdfTeX warning (dest): name{subsection.236} has been referenced but does not ex
ist, replaced by a fixed one

pdfTeX warning (dest): name{subsection.233} has been referenced but does not ex
ist, replaced by a fixed one

pdfTeX warning (dest): name{subsection.229} has been referenced but does not ex
ist, replaced by a fixed one

pdfTeX warning (dest): name{section.201} has been referenced but does not exist
, replaced by a fixed one

pdfTeX warning (dest): name{subsection.199} has been referenced but does not ex
ist, replaced by a fixed one

pdfTeX warning (dest): name{subsection.194} has been referenced but does not ex
ist, replaced by a fixed one

pdfTeX warning (dest): name{section.191} has been referenced but does not exist
, replaced by a fixed one

pdfTeX warning (dest): name{subsection.189} has been referenced but does not ex
ist, replaced by a fixed one

pdfTeX warning (dest): name{subsection.188} has been referenced but does not ex
ist, replaced by a fixed one

pdfTeX warning (dest): name{subsection.187} has been referenced but does not ex
ist, replaced by a fixed one

pdfTeX warning (dest): name{section.186} has been referenced but does not exist
, replaced by a fixed one

pdfTeX warning (dest): name{section.87} has been referenced but does not exist,
 replaced by a fixed one

pdfTeX warning (dest): name{subsection.81} has been referenced but does not exi
st, replaced by a fixed one

pdfTeX warning (dest): name{subsection.78} has been referenced but does not exi
st, replaced by a fixed one

pdfTeX warning (dest): name{subsection.74} has been referenced but does not exi
st, replaced by a fixed one

pdfTeX warning (dest): name{subsection.73} has been referenced but does not exi
st, replaced by a fixed one

pdfTeX warning (dest): name{section.72} has been referenced but does not exist,
 replaced by a fixed one

pdfTeX warning (dest): name{chapter.71} has been referenced but does not exist,
 replaced by a fixed one

pdfTeX warning (dest): name{section.70} has been referenced but does not exist,
 replaced by a fixed one

pdfTeX warning (dest): name{subsection.69} has been referenced but does not exi
st, replaced by a fixed one

pdfTeX warning (dest): name{subsection.62} has been referenced but does not exi
st, replaced by a fixed one

pdfTeX warning (dest): name{subsection.56} has been referenced but does not exi
st, replaced by a fixed one

pdfTeX warning (dest): name{section.55} has been referenced but does not exist,
 replaced by a fixed one

pdfTeX warning (dest): name{subsection.53} has been referenced but does not exi
st, replaced by a fixed one

pdfTeX warning (dest): name{subsection.46} has been referenced but does not exi
st, replaced by a fixed one

pdfTeX warning (dest): name{subsection.36} has been referenced but does not exi
st, replaced by a fixed one

pdfTeX warning (dest): name{subsection.25} has been referenced but does not exi
st, replaced by a fixed one

pdfTeX warning (dest): name{section.24} has been referenced but does not exist,
 replaced by a fixed one

pdfTeX warning (dest): name{chapter.23} has been referenced but does not exist,
 replaced by a fixed one

pdfTeX warning (dest): name{section.22} has been referenced but does not exist,
 replaced by a fixed one

pdfTeX warning (dest): name{section.17} has been referenced but does not exist,
 replaced by a fixed one

pdfTeX warning (dest): name{section.16} has been referenced but does not exist,
 replaced by a fixed one

pdfTeX warning (dest): name{section.10} has been referenced but does not exist,
 replaced by a fixed one

pdfTeX warning (dest): name{section.9} has been referenced but does not exist, 
replaced by a fixed one

pdfTeX warning (dest): name{chapter.7} has been referenced but does not exist, 
replaced by a fixed one

pdfTeX warning (dest): name{dummy.5} has been referenced but does not exist, re
placed by a fixed one

pdfTeX warning (dest): name{dummy.3} has been referenced but does not exist, re
placed by a fixed one

pdfTeX warning (dest): name{dummy.1} has been referenced but does not exist, re
placed by a fixed one

</usr/local/texlive/2014/texmf-dist/fonts/type1/public/amsfonts/cm/cmbx10.pfb><
/usr/local/texlive/2014/texmf-dist/fonts/type1/public/amsfonts/cm/cmbx12.pfb></
usr/local/texlive/2014/texmf-dist/fonts/type1/public/amsfonts/cm/cmbx8.pfb></us
r/local/texlive/2014/texmf-dist/fonts/type1/public/amsfonts/cm/cmcsc10.pfb></us
r/local/texlive/2014/texmf-dist/fonts/type1/public/amsfonts/cm/cmmi10.pfb></usr
/local/texlive/2014/texmf-dist/fonts/type1/public/amsfonts/cm/cmmi5.pfb></usr/l
ocal/texlive/2014/texmf-dist/fonts/type1/public/amsfonts/cm/cmmi6.pfb></usr/loc
al/texlive/2014/texmf-dist/fonts/type1/public/amsfonts/cm/cmmi7.pfb></usr/local
/texlive/2014/texmf-dist/fonts/type1/public/amsfonts/cm/cmmi8.pfb></usr/local/t
exlive/2014/texmf-dist/fonts/type1/public/amsfonts/cm/cmmi9.pfb></usr/local/tex
live/2014/texmf-dist/fonts/type1/public/amsfonts/cm/cmr10.pfb></usr/local/texli
ve/2014/texmf-dist/fonts/type1/public/amsfonts/cm/cmr6.pfb></usr/local/texlive/
2014/texmf-dist/fonts/type1/public/amsfonts/cm/cmr7.pfb></usr/local/texlive/201
4/texmf-dist/fonts/type1/public/amsfonts/cm/cmr8.pfb></usr/local/texlive/2014/t
exmf-dist/fonts/type1/public/amsfonts/cm/cmr9.pfb></usr/local/texlive/2014/texm
f-dist/fonts/type1/public/amsfonts/cm/cmsy10.pfb></usr/local/texlive/2014/texmf
-dist/fonts/type1/public/amsfonts/cm/cmsy5.pfb></usr/local/texlive/2014/texmf-d
ist/fonts/type1/public/amsfonts/cm/cmsy6.pfb></usr/local/texlive/2014/texmf-dis
t/fonts/type1/public/amsfonts/cm/cmsy8.pfb></usr/local/texlive/2014/texmf-dist/
fonts/type1/public/amsfonts/cm/cmsy9.pfb></usr/local/texlive/2014/texmf-dist/fo
nts/type1/public/amsfonts/cm/cmti10.pfb></usr/local/texlive/2014/texmf-dist/fon
ts/type1/public/amsfonts/cm/cmtt10.pfb></usr/local/texlive/2014/texmf-dist/font
s/type1/public/amsfonts/symbols/msam10.pfb>
Output written on main.pdf (161 pages, 2089109 bytes).
PDF statistics:
 2503 PDF objects out of 2984 (max. 8388607)
 2275 compressed objects within 23 object streams
 907 named destinations out of 1000 (max. 500000)
 759 words of extra memory for PDF output out of 10000 (max. 10000000)

