\BOOKMARK [0][-]{dummy.1}{\376\377\000A\000b\000s\000t\000r\000a\000c\000t}{}% 1
\BOOKMARK [0][-]{dummy.3}{\376\377\000L\000i\000s\000t\000\040\000o\000f\000\040\000F\000i\000g\000u\000r\000e\000s}{}% 2
\BOOKMARK [0][-]{dummy.5}{\376\377\000L\000i\000s\000t\000\040\000o\000f\000\040\000T\000a\000b\000l\000e\000s}{}% 3
\BOOKMARK [0][-]{chapter.7}{\376\377\0001\000\040\000I\000n\000t\000r\000o\000d\000u\000c\000t\000i\000o\000n}{}% 4
\BOOKMARK [1][-]{section.8}{\376\377\0001\000.\0001\000\040\000C\000o\000n\000t\000e\000x\000t\000\040\000a\000n\000d\000\040\000M\000o\000t\000i\000v\000a\000t\000i\000o\000n}{chapter.7}% 5
\BOOKMARK [1][-]{section.9}{\376\377\0001\000.\0002\000\040\000B\000a\000c\000k\000g\000r\000o\000u\000n\000d\000\040\000o\000n\000\040\000S\000e\000c\000u\000r\000i\000t\000y\000\040\000P\000r\000o\000t\000o\000c\000o\000l\000\040\000V\000e\000r\000i\000f\000i\000c\000a\000t\000i\000o\000n}{chapter.7}% 6
\BOOKMARK [1][-]{section.10}{\376\377\0001\000.\0003\000\040\000R\000e\000s\000e\000a\000c\000h\000\040\000o\000b\000j\000e\000c\000t\000i\000v\000e}{chapter.7}% 7
\BOOKMARK [1][-]{section.16}{\376\377\0001\000.\0004\000\040\000A\000p\000p\000r\000o\000a\000c\000h}{chapter.7}% 8
\BOOKMARK [1][-]{section.17}{\376\377\0001\000.\0005\000\040\000C\000o\000n\000t\000r\000i\000b\000u\000t\000i\000o\000n}{chapter.7}% 9
\BOOKMARK [1][-]{section.22}{\376\377\0001\000.\0006\000\040\000T\000h\000e\000s\000i\000s\000\040\000O\000u\000t\000l\000i\000n\000e}{chapter.7}% 10
\BOOKMARK [0][-]{chapter.23}{\376\377\0002\000\040\000E\000x\000t\000e\000n\000s\000i\000o\000n\000\040\000o\000f\000\040\000S\000t\000r\000a\000n\000d\000\040\000S\000p\000a\000c\000e\000s\000\040\000f\000o\000r\000\040\000W\000i\000r\000e\000l\000e\000s\000s\000\040\000P\000r\000o\000t\000o\000c\000o\000l\000s}{}% 11
\BOOKMARK [1][-]{section.24}{\376\377\0002\000.\0001\000\040\000S\000t\000r\000a\000n\000d\000\040\000S\000p\000a\000c\000e\000s\000\040\000M\000o\000d\000e\000l}{chapter.23}% 12
\BOOKMARK [2][-]{subsection.25}{\376\377\0002\000.\0001\000.\0001\000\040\000F\000u\000n\000d\000a\000m\000e\000n\000t\000a\000l\000\040\000T\000h\000e\000o\000r\000y}{section.24}% 13
\BOOKMARK [2][-]{subsection.36}{\376\377\0002\000.\0001\000.\0002\000\040\000C\000o\000m\000p\000o\000n\000e\000n\000t\000,\000\040\000A\000u\000t\000h\000e\000n\000t\000i\000c\000a\000t\000i\000o\000n\000\040\000T\000e\000s\000t\000s}{section.24}% 14
\BOOKMARK [2][-]{subsection.46}{\376\377\0002\000.\0001\000.\0003\000\040\000S\000h\000a\000p\000e\000\040\000a\000n\000d\000\040\000S\000k\000e\000l\000e\000t\000o\000n}{section.24}% 15
\BOOKMARK [2][-]{subsection.53}{\376\377\0002\000.\0001\000.\0004\000\040\000P\000e\000n\000e\000t\000r\000a\000t\000o\000r\000\040\000M\000o\000d\000e\000l}{section.24}% 16
\BOOKMARK [1][-]{section.55}{\376\377\0002\000.\0002\000\040\000O\000u\000r\000\040\000E\000x\000t\000e\000n\000s\000i\000o\000n\000\040\000o\000f\000\040\000S\000t\000r\000a\000n\000d\000\040\000S\000p\000a\000c\000e\000s}{chapter.23}% 17
\BOOKMARK [2][-]{subsection.56}{\376\377\0002\000.\0002\000.\0001\000\040\000E\000x\000t\000e\000n\000s\000i\000o\000n\000\040\000t\000o\000\040\000A\000l\000g\000e\000b\000r\000a}{section.55}% 18
\BOOKMARK [2][-]{subsection.62}{\376\377\0002\000.\0002\000.\0002\000\040\000W\000i\000r\000e\000l\000e\000s\000s\000\040\000S\000t\000r\000a\000n\000d\000\040\000S\000p\000a\000c\000e\000s}{section.55}% 19
\BOOKMARK [2][-]{subsection.69}{\376\377\0002\000.\0002\000.\0003\000\040\000E\000x\000t\000e\000n\000d\000e\000d\000\040\000P\000e\000n\000e\000t\000r\000a\000t\000o\000r\000\040\000M\000o\000d\000e\000l}{section.55}% 20
\BOOKMARK [1][-]{section.70}{\376\377\0002\000.\0003\000\040\000C\000o\000n\000c\000l\000u\000s\000i\000o\000n}{chapter.23}% 21
\BOOKMARK [0][-]{chapter.71}{\376\377\0003\000\040\000F\000o\000r\000m\000a\000l\000\040\000V\000e\000r\000i\000f\000i\000c\000a\000t\000i\000o\000n\000\040\000o\000f\000\040\000S\000e\000c\000u\000r\000e\000\040\000D\000e\000v\000i\000c\000e\000\040\000P\000a\000i\000r\000i\000n\000g\000\040\000P\000r\000o\000t\000o\000c\000o\000l\000s}{}% 22
\BOOKMARK [1][-]{section.72}{\376\377\0003\000.\0001\000\040\000O\000u\000t\000-\000o\000f\000-\000B\000a\000n\000d\000\040\000C\000h\000a\000n\000n\000e\000l\000s}{chapter.71}% 23
\BOOKMARK [2][-]{subsection.73}{\376\377\0003\000.\0001\000.\0001\000\040\000O\000O\000B\000\040\000S\000e\000c\000u\000r\000i\000t\000y\000\040\000P\000r\000o\000p\000e\000r\000t\000i\000e\000s}{section.72}% 24
\BOOKMARK [2][-]{subsection.74}{\376\377\0003\000.\0001\000.\0002\000\040\000O\000O\000B\000\040\000C\000l\000a\000s\000s\000i\000f\000i\000c\000a\000t\000i\000o\000n}{section.72}% 25
\BOOKMARK [2][-]{subsection.78}{\376\377\0003\000.\0001\000.\0003\000\040\000O\000O\000B\000\040\000P\000e\000n\000e\000t\000r\000a\000t\000o\000r\000\040\000M\000o\000d\000e\000l}{section.72}% 26
\BOOKMARK [2][-]{subsection.81}{\376\377\0003\000.\0001\000.\0004\000\040\000P\000r\000a\000c\000t\000i\000c\000a\000l\000\040\000T\000e\000s\000t\000i\000n\000g\000\040\000o\000f\000\040\000O\000O\000B\000\040\000M\000e\000t\000h\000o\000d\000s}{section.72}% 27
\BOOKMARK [1][-]{section.87}{\376\377\0003\000.\0002\000\040\000S\000e\000c\000u\000r\000e\000\040\000D\000e\000v\000i\000c\000e\000\040\000P\000a\000i\000r\000i\000n\000g\000\040\000S\000c\000h\000e\000m\000e\000s}{chapter.71}% 28
\BOOKMARK [1][-]{section.186}{\376\377\0003\000.\0003\000\040\000D\000e\000v\000i\000c\000e\000\040\000P\000a\000i\000r\000i\000n\000g\000\040\000P\000r\000o\000t\000o\000c\000o\000l\000\040\000M\000o\000d\000e\000l\000i\000n\000g}{chapter.71}% 29
\BOOKMARK [2][-]{subsection.187}{\376\377\0003\000.\0003\000.\0001\000\040\000R\000e\000l\000a\000t\000e\000d\000\040\000W\000o\000r\000k}{section.186}% 30
\BOOKMARK [2][-]{subsection.188}{\376\377\0003\000.\0003\000.\0002\000\040\000M\000o\000d\000e\000l\000\040\000A\000s\000s\000u\000m\000p\000t\000i\000o\000n\000s}{section.186}% 31
\BOOKMARK [2][-]{subsection.189}{\376\377\0003\000.\0003\000.\0003\000\040\000S\000e\000c\000u\000r\000i\000t\000y\000\040\000P\000r\000o\000p\000e\000r\000t\000i\000e\000s}{section.186}% 32
\BOOKMARK [1][-]{section.191}{\376\377\0003\000.\0004\000\040\000A\000n\000a\000l\000y\000s\000i\000s\000\040\000o\000f\000\040\000W\000o\000n\000g\000-\000S\000t\000a\000j\000a\000n\000o\000\040\000P\000r\000o\000t\000o\000c\000o\000l}{chapter.71}% 33
\BOOKMARK [2][-]{subsection.194}{\376\377\0003\000.\0004\000.\0001\000\040\000R\000e\000s\000p\000o\000n\000d\000e\000r\000'\000s\000\040\000G\000u\000a\000r\000a\000n\000t\000e\000e\000\040\000f\000o\000r\000\040\000W\000o\000n\000g\000-\000S\000t\000a\000j\000a\000n\000o\000\040\000p\000r\000o\000t\000o\000c\000o\000l}{section.191}% 34
\BOOKMARK [2][-]{subsection.199}{\376\377\0003\000.\0004\000.\0002\000\040\000I\000n\000i\000t\000i\000a\000t\000o\000r\000'\000s\000\040\000G\000u\000a\000r\000a\000n\000t\000e\000e\000\040\000f\000o\000r\000\040\000W\000o\000n\000g\000-\000S\000t\000a\000j\000a\000n\000o\000\040\000p\000r\000o\000t\000o\000c\000o\000l}{section.191}% 35
\BOOKMARK [1][-]{section.201}{\376\377\0003\000.\0005\000\040\0002\000-\000M\000o\000v\000e\000\040\000S\000e\000c\000u\000r\000e\000\040\000D\000e\000v\000i\000c\000e\000\040\000P\000a\000i\000r\000i\000n\000g\000\040\000P\000r\000o\000t\000o\000c\000o\000l}{chapter.71}% 36
\BOOKMARK [2][-]{subsection.210}{\376\377\0003\000.\0005\000.\0001\000\040\000A\000n\000a\000l\000y\000s\000i\000s\000\040\000I\000n\000\040\000S\000t\000r\000a\000n\000d\000\040\000S\000p\000a\000c\000e\000s\000\040\000M\000o\000d\000e\000l}{section.201}% 37
\BOOKMARK [2][-]{subsection.229}{\376\377\0003\000.\0005\000.\0002\000\040\000A\000n\000a\000l\000y\000s\000i\000s\000\040\000I\000n\000\040\000C\000o\000m\000p\000u\000t\000a\000t\000i\000o\000n\000a\000l\000\040\000M\000o\000d\000e\000l}{section.201}% 38
\BOOKMARK [1][-]{section.232}{\376\377\0003\000.\0006\000\040\000A\000n\000a\000l\000y\000s\000i\000s\000\040\000o\000f\000\040\000C\000o\000m\000m\000i\000t\000m\000e\000n\000t\000\040\000S\000c\000h\000e\000m\000e\000s}{chapter.71}% 39
\BOOKMARK [2][-]{subsection.233}{\376\377\0003\000.\0006\000.\0001\000\040\000F\000o\000r\000m\000a\000l\000i\000s\000m\000\040\000o\000f\000\040\000C\000o\000m\000m\000i\000t\000m\000e\000n\000t\000\040\000S\000c\000h\000e\000m\000e\000s}{section.232}% 40
\BOOKMARK [2][-]{subsection.236}{\376\377\0003\000.\0006\000.\0002\000\040\000A\000n\000\040\000E\000x\000a\000m\000p\000l\000e}{section.232}% 41
\BOOKMARK [1][-]{section.250}{\376\377\0003\000.\0007\000\040\000O\000u\000t\000-\000o\000f\000-\000b\000a\000n\000d\000\040\000C\000h\000a\000n\000n\000e\000l\000\040\000T\000r\000a\000n\000s\000f\000o\000r\000m\000a\000t\000i\000o\000n}{chapter.71}% 42
\BOOKMARK [2][-]{subsection.251}{\376\377\0003\000.\0007\000.\0001\000\040\000R\000e\000l\000a\000t\000e\000d\000\040\000W\000o\000r\000k}{section.250}% 43
\BOOKMARK [2][-]{subsection.252}{\376\377\0003\000.\0007\000.\0002\000\040\000C\000h\000a\000n\000n\000e\000l\000\040\000P\000r\000o\000p\000e\000r\000t\000y\000\040\000T\000r\000a\000n\000s\000f\000o\000r\000m\000a\000t\000i\000o\000n}{section.250}% 44
\BOOKMARK [2][-]{subsection.270}{\376\377\0003\000.\0007\000.\0003\000\040\000A\000t\000t\000a\000c\000k\000\040\000T\000r\000a\000n\000s\000f\000o\000r\000m\000a\000t\000i\000o\000n}{section.250}% 45
\BOOKMARK [2][-]{subsection.273}{\376\377\0003\000.\0007\000.\0004\000\040\000P\000r\000o\000o\000f\000s}{section.250}% 46
\BOOKMARK [2][-]{subsection.275}{\376\377\0003\000.\0007\000.\0005\000\040\000R\000e\000v\000e\000r\000s\000e\000d\000\040\000A\000t\000t\000a\000c\000k}{section.250}% 47
\BOOKMARK [2][-]{subsection.276}{\376\377\0003\000.\0007\000.\0006\000\040\000E\000x\000a\000m\000p\000l\000e}{section.250}% 48
\BOOKMARK [1][-]{section.280}{\376\377\0003\000.\0008\000\040\000C\000o\000n\000c\000l\000u\000s\000i\000o\000n}{chapter.71}% 49
\BOOKMARK [0][-]{chapter.281}{\376\377\0004\000\040\000F\000o\000r\000m\000a\000l\000\040\000V\000e\000r\000i\000f\000i\000c\000a\000t\000i\000o\000n\000\040\000o\000f\000\040\000S\000e\000c\000u\000r\000e\000\040\000N\000e\000i\000g\000h\000b\000o\000u\000r\000\040\000D\000i\000s\000c\000o\000v\000e\000r\000y\000\040\000P\000r\000o\000t\000o\000c\000o\000l\000s}{}% 50
\BOOKMARK [1][-]{section.285}{\376\377\0004\000.\0001\000\040\000I\000n\000t\000r\000o\000d\000u\000c\000t\000i\000o\000n\000\040\000t\000o\000\040\000N\000e\000i\000g\000h\000b\000o\000u\000r\000\040\000D\000i\000s\000c\000o\000v\000e\000r\000y\000\040\000P\000r\000o\000t\000o\000c\000o\000l\000s}{chapter.281}% 51
\BOOKMARK [2][-]{subsection.288}{\376\377\0004\000.\0001\000.\0001\000\040\000N\000e\000i\000g\000h\000b\000o\000u\000r\000\040\000D\000i\000s\000c\000o\000v\000e\000r\000y\000\040\000A\000p\000p\000l\000i\000c\000a\000t\000i\000o\000n\000s}{section.285}% 52
\BOOKMARK [2][-]{subsection.293}{\376\377\0004\000.\0001\000.\0002\000\040\000T\000h\000r\000e\000a\000t\000\040\000a\000n\000d\000\040\000V\000u\000l\000n\000e\000r\000a\000b\000i\000l\000i\000t\000i\000e\000s}{section.285}% 53
\BOOKMARK [2][-]{subsection.294}{\376\377\0004\000.\0001\000.\0003\000\040\000N\000e\000i\000g\000h\000b\000o\000u\000r\000\040\000D\000i\000s\000c\000o\000v\000e\000r\000y\000\040\000T\000e\000c\000h\000n\000i\000q\000u\000e\000s}{section.285}% 54
\BOOKMARK [1][-]{section.301}{\376\377\0004\000.\0002\000\040\000F\000o\000r\000m\000a\000l\000\040\000A\000n\000a\000l\000y\000s\000i\000s\000\040\000o\000f\000\040\000N\000e\000i\000g\000h\000b\000o\000u\000r\000\040\000D\000i\000s\000c\000o\000v\000e\000r\000y\000\040\000P\000r\000o\000t\000o\000c\000o\000l}{chapter.281}% 55
\BOOKMARK [2][-]{subsection.302}{\376\377\0004\000.\0002\000.\0001\000\040\000A\000s\000s\000u\000m\000p\000t\000i\000o\000n}{section.301}% 56
\BOOKMARK [2][-]{subsection.304}{\376\377\0004\000.\0002\000.\0002\000\040\000R\000e\000l\000a\000t\000e\000d\000\040\000W\000o\000r\000k}{section.301}% 57
\BOOKMARK [2][-]{subsection.305}{\376\377\0004\000.\0002\000.\0003\000\040\000M\000o\000d\000e\000l\000i\000n\000g\000\040\000S\000E\000N\000D\000\040\000G\000o\000a\000l\000s}{section.301}% 58
\BOOKMARK [2][-]{subsection.306}{\376\377\0004\000.\0002\000.\0004\000\040\000L\000i\000n\000k\000\040\000T\000e\000s\000t\000s}{section.301}% 59
\BOOKMARK [1][-]{section.322}{\376\377\0004\000.\0003\000\040\000E\000x\000a\000m\000p\000l\000e\000s}{chapter.281}% 60
\BOOKMARK [2][-]{subsection.323}{\376\377\0004\000.\0003\000.\0001\000\040\000B\000r\000a\000n\000d\000s\000\040\000\046\000\040\000C\000h\000a\000u\000m\000\040\000p\000r\000o\000t\000o\000c\000o\000l}{section.322}% 61
\BOOKMARK [2][-]{subsection.328}{\376\377\0004\000.\0003\000.\0002\000\040\000A\000n\000\040\000A\000d\000v\000a\000n\000c\000e\000d\000\040\000S\000i\000g\000n\000a\000t\000u\000r\000e\000\040\000S\000y\000s\000t\000e\000m\000\040\000f\000o\000r\000\040\000O\000L\000S\000R}{section.322}% 62
\BOOKMARK [2][-]{subsection.335}{\376\377\0004\000.\0003\000.\0003\000\040\000C\000o\000r\000r\000e\000c\000t\000n\000e\000s\000s\000\040\000o\000f\000\040\000A\000D\000V\000S\000I\000G}{section.322}% 63
\BOOKMARK [1][-]{section.336}{\376\377\0004\000.\0004\000\040\000C\000o\000n\000c\000l\000u\000s\000i\000o\000n}{chapter.281}% 64
\BOOKMARK [0][-]{chapter.337}{\376\377\0005\000\040\000A\000\040\000S\000e\000c\000u\000r\000e\000\040\000B\000o\000o\000t\000s\000t\000r\000a\000p\000p\000i\000n\000g\000\040\000f\000o\000r\000\040\000C\000o\000n\000s\000t\000r\000a\000i\000n\000e\000d\000\040\000D\000e\000v\000i\000c\000e\000s}{}% 65
\BOOKMARK [1][-]{section.338}{\376\377\0005\000.\0001\000\040\000B\000o\000o\000t\000s\000t\000r\000a\000p\000p\000i\000n\000g\000\040\000S\000c\000h\000e\000m\000e\000s\000\040\000a\000n\000d\000\040\000R\000e\000q\000u\000i\000r\000e\000m\000e\000n\000t\000s\000\040\000f\000o\000r\000\040\000I\000o\000T}{chapter.337}% 66
\BOOKMARK [1][-]{section.339}{\376\377\0005\000.\0002\000\040\000S\000e\000c\000u\000r\000e\000\040\000B\000o\000o\000t\000s\000t\000r\000a\000p\000p\000i\000n\000g\000\040\000B\000u\000i\000l\000d\000i\000n\000g\000\040\000B\000l\000o\000c\000k\000s}{chapter.337}% 67
\BOOKMARK [2][-]{subsection.340}{\376\377\0005\000.\0002\000.\0001\000\040\000P\000a\000i\000r\000i\000n\000g\000\040\000B\000l\000o\000c\000k}{section.339}% 68
\BOOKMARK [2][-]{subsection.341}{\376\377\0005\000.\0002\000.\0002\000\040\000R\000e\000g\000i\000s\000t\000r\000a\000t\000i\000o\000n\000\040\000B\000l\000o\000c\000k}{section.339}% 69
\BOOKMARK [2][-]{subsection.342}{\376\377\0005\000.\0002\000.\0003\000\040\000N\000e\000t\000w\000o\000r\000k\000\040\000A\000s\000s\000o\000c\000i\000a\000t\000i\000o\000n\000\040\000B\000l\000o\000c\000k}{section.339}% 70
\BOOKMARK [1][-]{section.343}{\376\377\0005\000.\0003\000\040\000A\000\040\000P\000r\000o\000p\000o\000s\000a\000l\000\040\000F\000o\000r\000\040\000S\000e\000c\000u\000r\000e\000\040\000B\000o\000o\000t\000s\000t\000r\000a\000p\000p\000i\000n\000g\000\040\000i\000n\000\040\000I\000o\000T}{chapter.337}% 71
\BOOKMARK [2][-]{subsection.344}{\376\377\0005\000.\0003\000.\0001\000\040\000N\000o\000t\000a\000t\000i\000o\000n\000s}{section.343}% 72
\BOOKMARK [2][-]{subsection.346}{\376\377\0005\000.\0003\000.\0002\000\040\000E\000n\000v\000i\000r\000o\000n\000m\000e\000n\000t}{section.343}% 73
\BOOKMARK [2][-]{subsection.348}{\376\377\0005\000.\0003\000.\0003\000\040\000A\000t\000t\000a\000c\000k\000\040\000M\000o\000d\000e\000l}{section.343}% 74
\BOOKMARK [2][-]{subsection.349}{\376\377\0005\000.\0003\000.\0004\000\040\000P\000a\000i\000r\000i\000n\000g\000\040\000P\000r\000o\000c\000e\000s\000s}{section.343}% 75
\BOOKMARK [2][-]{subsection.360}{\376\377\0005\000.\0003\000.\0005\000\040\000R\000e\000g\000i\000s\000t\000r\000a\000t\000i\000o\000n\000\040\000P\000r\000o\000c\000e\000s\000s}{section.343}% 76
\BOOKMARK [2][-]{subsection.370}{\376\377\0005\000.\0003\000.\0006\000\040\000A\000s\000s\000o\000c\000i\000a\000t\000i\000o\000n\000\040\000P\000r\000o\000c\000e\000s\000s}{section.343}% 77
\BOOKMARK [2][-]{subsection.378}{\376\377\0005\000.\0003\000.\0007\000\040\000R\000e\000a\000s\000s\000o\000c\000i\000a\000t\000i\000o\000n\000\040\000a\000n\000d\000\040\000N\000e\000t\000w\000o\000r\000k\000\040\000K\000e\000y\000\040\000U\000p\000d\000a\000t\000i\000n\000g}{section.343}% 78
\BOOKMARK [2][-]{subsection.386}{\376\377\0005\000.\0003\000.\0008\000\040\000R\000e\000b\000o\000o\000s\000t\000r\000a\000p\000p\000i\000n\000g}{section.343}% 79
\BOOKMARK [1][-]{section.387}{\376\377\0005\000.\0004\000\040\000F\000o\000r\000m\000a\000l\000\040\000V\000a\000l\000i\000a\000t\000i\000o\000n\000\040\000a\000n\000d\000\040\000I\000m\000p\000l\000e\000m\000e\000n\000t\000a\000t\000i\000o\000n}{chapter.337}% 80
\BOOKMARK [2][-]{subsection.388}{\376\377\0005\000.\0004\000.\0001\000\040\000F\000o\000r\000m\000a\000l\000\040\000V\000a\000l\000i\000d\000a\000t\000i\000o\000n}{section.387}% 81
\BOOKMARK [2][-]{subsection.392}{\376\377\0005\000.\0004\000.\0002\000\040\000A\000n\000\040\000I\000m\000p\000l\000e\000m\000e\000t\000a\000t\000i\000o\000n\000\040\000o\000f\000\040\000S\000e\000c\000u\000r\000e\000\040\000P\000a\000i\000r\000i\000n\000g\000\040\000P\000r\000o\000t\000o\000c\000o\000l}{section.387}% 82
\BOOKMARK [1][-]{section.395}{\376\377\0005\000.\0005\000\040\000C\000o\000n\000c\000l\000u\000s\000i\000o\000n}{chapter.337}% 83
\BOOKMARK [0][-]{chapter.396}{\376\377\0006\000\040\000C\000o\000n\000c\000l\000u\000s\000i\000o\000n\000\040\000a\000n\000d\000\040\000F\000u\000t\000u\000r\000e\000\040\000W\000o\000r\000k}{}% 84
\BOOKMARK [1][-]{section.397}{\376\377\0006\000.\0001\000\040\000S\000u\000m\000m\000a\000r\000y}{chapter.396}% 85
\BOOKMARK [1][-]{section.398}{\376\377\0006\000.\0002\000\040\000P\000e\000r\000s\000p\000e\000c\000t\000i\000v\000e}{chapter.396}% 86
\BOOKMARK [0][-]{dummy.399}{\376\377\000B\000i\000b\000l\000i\000o\000g\000r\000a\000p\000h\000y}{}% 87
