\BOOKMARK [0][-]{dummy.2}{\376\377\000L\000i\000s\000t\000\040\000o\000f\000\040\000F\000i\000g\000u\000r\000e\000s}{}% 1
\BOOKMARK [0][-]{dummy.4}{\376\377\000L\000i\000s\000t\000\040\000o\000f\000\040\000T\000a\000b\000l\000e\000s}{}% 2
\BOOKMARK [0][-]{chapter.6}{\376\377\0001\000\040\000S\000e\000c\000u\000r\000e\000\040\000D\000e\000v\000i\000c\000e\000\040\000P\000a\000i\000r\000i\000n\000g\000\040\000P\000r\000o\000t\000o\000c\000o\000l\000s}{}% 3
\BOOKMARK [1][-]{section.7}{\376\377\0001\000.\0001\000\040\000O\000u\000t\000-\000o\000f\000-\000B\000a\000n\000d\000\040\000C\000h\000a\000n\000n\000e\000l\000s}{chapter.6}% 4
\BOOKMARK [2][-]{subsection.8}{\376\377\0001\000.\0001\000.\0001\000\040\000O\000O\000B\000\040\000S\000e\000c\000u\000r\000i\000t\000y\000\040\000P\000r\000o\000p\000e\000r\000t\000i\000e\000s}{section.7}% 5
\BOOKMARK [2][-]{subsection.9}{\376\377\0001\000.\0001\000.\0002\000\040\000O\000O\000B\000\040\000C\000l\000a\000s\000s\000i\000f\000i\000c\000a\000t\000i\000o\000n}{section.7}% 6
\BOOKMARK [2][-]{subsection.13}{\376\377\0001\000.\0001\000.\0003\000\040\000O\000O\000B\000\040\000P\000e\000n\000e\000t\000r\000a\000t\000o\000r\000\040\000M\000o\000d\000e\000l}{section.7}% 7
\BOOKMARK [1][-]{section.16}{\376\377\0001\000.\0002\000\040\000O\000v\000e\000r\000v\000i\000e\000w\000\040\000o\000n\000\040\000S\000e\000c\000u\000r\000e\000\040\000D\000e\000v\000i\000c\000e\000\040\000P\000a\000i\000r\000i\000n\000g\000\040\000S\000c\000h\000e\000m\000e\000s}{chapter.6}% 8
\BOOKMARK [1][-]{section.174}{\376\377\0001\000.\0003\000\040\0002\000-\000M\000o\000v\000e\000\040\000S\000e\000c\000u\000r\000e\000\040\000D\000e\000v\000i\000c\000e\000\040\000P\000a\000i\000r\000i\000n\000g\000\040\000P\000r\000o\000t\000o\000c\000o\000l}{chapter.6}% 9
\BOOKMARK [2][-]{subsection.183}{\376\377\0001\000.\0003\000.\0001\000\040\000A\000n\000a\000l\000y\000s\000i\000s\000\040\000I\000n\000\040\000C\000o\000m\000p\000u\000t\000a\000t\000i\000o\000n\000a\000l\000\040\000M\000o\000d\000e\000l}{section.174}% 10
\BOOKMARK [2][-]{subsection.186}{\376\377\0001\000.\0003\000.\0002\000\040\000A\000n\000\040\000I\000m\000p\000l\000e\000m\000e\000t\000a\000t\000i\000o\000n\000\040\000o\000n\000\040\000A\000n\000\040\000E\000m\000b\000e\000d\000d\000e\000d\000\040\000S\000y\000s\000t\000e\000m}{section.174}% 11
\BOOKMARK [1][-]{section.189}{\376\377\0001\000.\0004\000\040\000F\000l\000a\000w\000s\000\040\000F\000o\000u\000n\000d\000\040\000i\000n\000\040\000S\000o\000m\000e\000\040\000P\000a\000i\000r\000i\000n\000g\000\040\000P\000r\000o\000t\000o\000c\000o\000l\000s}{chapter.6}% 12
\BOOKMARK [2][-]{subsection.190}{\376\377\0001\000.\0004\000.\0001\000\040\000A\000t\000t\000a\000c\000k\000\040\000o\000n\000\040\000W\000o\000n\000g\000-\000S\000t\000a\000j\000a\000n\000o\000\040\000P\000r\000o\000t\000o\000c\000o\000l\000\040\000u\000s\000i\000n\000g\000\040\000B\000i\000d\000i\000r\000e\000c\000t\000i\000o\000n\000a\000l\000\040\000C\000h\000a\000n\000n\000e\000l}{section.189}% 13
\BOOKMARK [2][-]{subsection.193}{\376\377\0001\000.\0004\000.\0002\000\040\000A\000t\000t\000a\000c\000k\000\040\000o\000n\000\040\000W\000o\000n\000g\000-\000S\000t\000a\000j\000a\000n\000o\000\040\000P\000r\000o\000t\000o\000c\000o\000l\000\040\000u\000s\000i\000n\000g\000\040\000U\000n\000i\000d\000i\000r\000e\000c\000t\000i\000o\000n\000a\000l\000\040\000C\000h\000a\000n\000n\000e\000l}{section.189}% 14
\BOOKMARK [2][-]{subsection.196}{\376\377\0001\000.\0004\000.\0003\000\040\000A\000t\000t\000a\000c\000k\000\040\000o\000n\000\040\000S\000R\000S\000-\000A\000K\000A\000\040\000P\000r\000o\000t\000o\000c\000o\000l}{section.189}% 15
\BOOKMARK [2][-]{subsection.199}{\376\377\0001\000.\0004\000.\0004\000\040\000A\000t\000t\000a\000c\000k\000\040\000o\000n\000\040\000H\000o\000e\000p\000m\000a\000n\000\040\000A\000K\000A\000\040\000P\000r\000o\000t\000o\000c\000o\000l}{section.189}% 16
\BOOKMARK [1][-]{section.202}{\376\377\0001\000.\0005\000\040\000C\000o\000n\000c\000l\000u\000s\000i\000o\000n}{chapter.6}% 17
\BOOKMARK [0][-]{appendix.203}{\376\377\000A\000\040\000S\000t\000r\000a\000n\000d\000\040\000S\000p\000a\000c\000e\000s\000\040\000M\000o\000d\000e\000l}{}% 18
\BOOKMARK [1][-]{section.207}{\376\377\000A\000.\0001\000\040\000F\000u\000n\000d\000a\000m\000e\000n\000t\000a\000l\000\040\000T\000h\000e\000o\000r\000y}{appendix.203}% 19
\BOOKMARK [1][-]{section.218}{\376\377\000A\000.\0002\000\040\000C\000o\000m\000p\000o\000n\000e\000n\000t\000,\000\040\000A\000u\000t\000h\000e\000n\000t\000i\000c\000a\000t\000i\000o\000n\000\040\000T\000e\000s\000t\000s}{appendix.203}% 20
\BOOKMARK [1][-]{section.228}{\376\377\000A\000.\0003\000\040\000S\000h\000a\000p\000e\000\040\000a\000n\000d\000\040\000S\000k\000e\000l\000e\000t\000o\000n}{appendix.203}% 21
\BOOKMARK [1][-]{section.235}{\376\377\000A\000.\0004\000\040\000P\000e\000n\000e\000t\000r\000a\000t\000o\000r\000\040\000M\000o\000d\000e\000l}{appendix.203}% 22
\BOOKMARK [0][-]{appendix.237}{\376\377\000B\000\040\000A\000n\000a\000l\000y\000s\000i\000s\000\040\000W\000o\000n\000g\000-\000S\000t\000a\000j\000a\000n\000o\000\040\000P\000r\000o\000t\000o\000c\000o\000l\000\040\000i\000n\000\040\000A\000V\000I\000S\000P\000A}{}% 23
\BOOKMARK [1][-]{section.238}{\376\377\000B\000.\0001\000\040\000T\000r\000a\000n\000s\000f\000o\000r\000m\000e\000d\000\040\000P\000r\000o\000t\000o\000c\000o\000l}{appendix.237}% 24
\BOOKMARK [1][-]{section.239}{\376\377\000B\000.\0002\000\040\000S\000o\000u\000r\000c\000e\000\040\000C\000o\000d\000e}{appendix.237}% 25
\BOOKMARK [1][-]{section.240}{\376\377\000B\000.\0003\000\040\000R\000e\000s\000u\000l\000t\000s}{appendix.237}% 26
\BOOKMARK [0][-]{appendix.241}{\376\377\000C\000\040\000I\000m\000p\000l\000e\000m\000e\000n\000t\000a\000t\000i\000o\000n\000\040\000o\000f\000\040\0002\000-\000M\000o\000v\000e\000\040\000S\000e\000c\000u\000r\000e\000\040\000D\000e\000v\000i\000c\000e\000\040\000P\000a\000i\000r\000i\000n\000g\000\040\000o\000n\000\040\000A\000r\000d\000u\000i\000n\000o}{}% 27
\BOOKMARK [1][-]{section.242}{\376\377\000C\000.\0001\000\040\000U\000D\000P\000\040\000C\000l\000i\000e\000n\000t\000\040\000S\000o\000u\000r\000c\000e\000\040\000C\000o\000d\000e}{appendix.241}% 28
\BOOKMARK [1][-]{section.243}{\376\377\000C\000.\0002\000\040\000U\000D\000P\000\040\000S\000e\000r\000v\000e\000r\000\040\000S\000o\000u\000r\000c\000e\000\040\000C\000o\000d\000e}{appendix.241}% 29
\BOOKMARK [0][-]{dummy.244}{\376\377\000B\000i\000b\000l\000i\000o\000g\000r\000a\000p\000h\000y}{}% 30
